# ivector-extractor-sum-accs --parallel=true "ivector-extractor-acc-stats --num-threads=4 exp/chain/extractor_all/4.ie 'ark,s,cs:splice-feats --left-context=3 --right-context=3 scp:data/train_hires_nopitch/split80/77/feats.scp ark:- | transform-feats exp/chain/extractor_all/final.mat ark:- ark:- | subsample-feats --n=2 ark:- ark:- |' 'ark,s,cs:gunzip -c exp/chain/extractor_all/post.77.gz|' -|" "ivector-extractor-acc-stats --num-threads=4 exp/chain/extractor_all/4.ie 'ark,s,cs:splice-feats --left-context=3 --right-context=3 scp:data/train_hires_nopitch/split80/78/feats.scp ark:- | transform-feats exp/chain/extractor_all/final.mat ark:- ark:- | subsample-feats --n=2 ark:- ark:- |' 'ark,s,cs:gunzip -c exp/chain/extractor_all/post.78.gz|' -|" "ivector-extractor-acc-stats --num-threads=4 exp/chain/extractor_all/4.ie 'ark,s,cs:splice-feats --left-context=3 --right-context=3 scp:data/train_hires_nopitch/split80/79/feats.scp ark:- | transform-feats exp/chain/extractor_all/final.mat ark:- ark:- | subsample-feats --n=2 ark:- ark:- |' 'ark,s,cs:gunzip -c exp/chain/extractor_all/post.79.gz|' -|" "ivector-extractor-acc-stats --num-threads=4 exp/chain/extractor_all/4.ie 'ark,s,cs:splice-feats --left-context=3 --right-context=3 scp:data/train_hires_nopitch/split80/80/feats.scp ark:- | transform-feats exp/chain/extractor_all/final.mat ark:- ark:- | subsample-feats --n=2 ark:- ark:- |' 'ark,s,cs:gunzip -c exp/chain/extractor_all/post.80.gz|' -|" exp/chain/extractor_all/acc.4.20 
# Started at Thu Jun 17 14:52:29 CST 2021
#
ivector-extractor-sum-accs --parallel=true "ivector-extractor-acc-stats --num-threads=4 exp/chain/extractor_all/4.ie 'ark,s,cs:splice-feats --left-context=3 --right-context=3 scp:data/train_hires_nopitch/split80/77/feats.scp ark:- | transform-feats exp/chain/extractor_all/final.mat ark:- ark:- | subsample-feats --n=2 ark:- ark:- |' 'ark,s,cs:gunzip -c exp/chain/extractor_all/post.77.gz|' -|" "ivector-extractor-acc-stats --num-threads=4 exp/chain/extractor_all/4.ie 'ark,s,cs:splice-feats --left-context=3 --right-context=3 scp:data/train_hires_nopitch/split80/78/feats.scp ark:- | transform-feats exp/chain/extractor_all/final.mat ark:- ark:- | subsample-feats --n=2 ark:- ark:- |' 'ark,s,cs:gunzip -c exp/chain/extractor_all/post.78.gz|' -|" "ivector-extractor-acc-stats --num-threads=4 exp/chain/extractor_all/4.ie 'ark,s,cs:splice-feats --left-context=3 --right-context=3 scp:data/train_hires_nopitch/split80/79/feats.scp ark:- | transform-feats exp/chain/extractor_all/final.mat ark:- ark:- | subsample-feats --n=2 ark:- ark:- |' 'ark,s,cs:gunzip -c exp/chain/extractor_all/post.79.gz|' -|" "ivector-extractor-acc-stats --num-threads=4 exp/chain/extractor_all/4.ie 'ark,s,cs:splice-feats --left-context=3 --right-context=3 scp:data/train_hires_nopitch/split80/80/feats.scp ark:- | transform-feats exp/chain/extractor_all/final.mat ark:- ark:- | subsample-feats --n=2 ark:- ark:- |' 'ark,s,cs:gunzip -c exp/chain/extractor_all/post.80.gz|' -|" exp/chain/extractor_all/acc.4.20 
ivector-extractor-acc-stats --num-threads=4 exp/chain/extractor_all/4.ie 'ark,s,cs:splice-feats --left-context=3 --right-context=3 scp:data/train_hires_nopitch/split80/80/feats.scp ark:- | transform-feats exp/chain/extractor_all/final.mat ark:- ark:- | subsample-feats --n=2 ark:- ark:- |' 'ark,s,cs:gunzip -c exp/chain/extractor_all/post.80.gz|' - 
ivector-extractor-acc-stats --num-threads=4 exp/chain/extractor_all/4.ie 'ark,s,cs:splice-feats --left-context=3 --right-context=3 scp:data/train_hires_nopitch/split80/78/feats.scp ark:- | transform-feats exp/chain/extractor_all/final.mat ark:- ark:- | subsample-feats --n=2 ark:- ark:- |' 'ark,s,cs:gunzip -c exp/chain/extractor_all/post.78.gz|' - 
ivector-extractor-acc-stats --num-threads=4 exp/chain/extractor_all/4.ie 'ark,s,cs:splice-feats --left-context=3 --right-context=3 scp:data/train_hires_nopitch/split80/79/feats.scp ark:- | transform-feats exp/chain/extractor_all/final.mat ark:- ark:- | subsample-feats --n=2 ark:- ark:- |' 'ark,s,cs:gunzip -c exp/chain/extractor_all/post.79.gz|' - 
transform-feats exp/chain/extractor_all/final.mat ark:- ark:- 
subsample-feats --n=2 ark:- ark:- 
transform-feats exp/chain/extractor_all/final.mat ark:- ark:- 
subsample-feats --n=2 ark:- ark:- 
splice-feats --left-context=3 --right-context=3 scp:data/train_hires_nopitch/split80/80/feats.scp ark:- 
LOG (ivector-extractor-acc-stats[5.5]:ComputeDerivedVars():ivector-extractor.cc:183) Computing derived variables for iVector extractor
ivector-extractor-acc-stats --num-threads=4 exp/chain/extractor_all/4.ie 'ark,s,cs:splice-feats --left-context=3 --right-context=3 scp:data/train_hires_nopitch/split80/77/feats.scp ark:- | transform-feats exp/chain/extractor_all/final.mat ark:- ark:- | subsample-feats --n=2 ark:- ark:- |' 'ark,s,cs:gunzip -c exp/chain/extractor_all/post.77.gz|' - 
LOG (ivector-extractor-acc-stats[5.5]:ComputeDerivedVars():ivector-extractor.cc:204) Done.
splice-feats --left-context=3 --right-context=3 scp:data/train_hires_nopitch/split80/78/feats.scp ark:- 
transform-feats exp/chain/extractor_all/final.mat ark:- ark:- 
subsample-feats --n=2 ark:- ark:- 
subsample-feats --n=2 ark:- ark:- 
splice-feats --left-context=3 --right-context=3 scp:data/train_hires_nopitch/split80/77/feats.scp ark:- 
LOG (ivector-extractor-acc-stats[5.5]:ComputeDerivedVars():ivector-extractor.cc:183) Computing derived variables for iVector extractor
LOG (ivector-extractor-acc-stats[5.5]:ComputeDerivedVars():ivector-extractor.cc:204) Done.
transform-feats exp/chain/extractor_all/final.mat ark:- ark:- 
LOG (ivector-extractor-acc-stats[5.5]:ComputeDerivedVars():ivector-extractor.cc:183) Computing derived variables for iVector extractor
LOG (ivector-extractor-acc-stats[5.5]:ComputeDerivedVars():ivector-extractor.cc:204) Done.
splice-feats --left-context=3 --right-context=3 scp:data/train_hires_nopitch/split80/79/feats.scp ark:- 
LOG (ivector-extractor-acc-stats[5.5]:ComputeDerivedVars():ivector-extractor.cc:183) Computing derived variables for iVector extractor
LOG (ivector-extractor-acc-stats[5.5]:ComputeDerivedVars():ivector-extractor.cc:204) Done.
LOG (transform-feats[5.5]:main():transform-feats.cc:158) Overall average [pseudo-]logdet is -124.029 over 5.35839e+06 frames.
LOG (transform-feats[5.5]:main():transform-feats.cc:161) Applied transform to 17060 utterances; 0 had errors.
LOG (subsample-feats[5.5]:main():subsample-feats.cc:115) Processed 17060 feature matrices; 0 with errors.
LOG (subsample-feats[5.5]:main():subsample-feats.cc:117) Processed 5358390 input frames and 2683446 output frames.
LOG (ivector-extractor-acc-stats[5.5]:main():ivector-extractor-acc-stats.cc:151) Done 17060 files, 0 with errors.  Total frames 2683446
LOG (transform-feats[5.5]:main():transform-feats.cc:158) Overall average [pseudo-]logdet is -124.029 over 5.12704e+06 frames.
LOG (transform-feats[5.5]:main():transform-feats.cc:161) Applied transform to 17151 utterances; 0 had errors.
LOG (subsample-feats[5.5]:main():subsample-feats.cc:115) Processed 17151 feature matrices; 0 with errors.
LOG (subsample-feats[5.5]:main():subsample-feats.cc:117) Processed 5127036 input frames and 2567845 output frames.
LOG (ivector-extractor-acc-stats[5.5]:main():ivector-extractor-acc-stats.cc:151) Done 17151 files, 0 with errors.  Total frames 2567845
LOG (ivector-extractor-acc-stats[5.5]:main():ivector-extractor-acc-stats.cc:159) Wrote stats to -
LOG (transform-feats[5.5]:main():transform-feats.cc:158) Overall average [pseudo-]logdet is -124.029 over 5.37234e+06 frames.
LOG (transform-feats[5.5]:main():transform-feats.cc:161) Applied transform to 17113 utterances; 0 had errors.
LOG (subsample-feats[5.5]:main():subsample-feats.cc:115) Processed 17113 feature matrices; 0 with errors.
LOG (subsample-feats[5.5]:main():subsample-feats.cc:117) Processed 5372343 input frames and 2690501 output frames.
LOG (ivector-extractor-acc-stats[5.5]:main():ivector-extractor-acc-stats.cc:151) Done 17113 files, 0 with errors.  Total frames 2690501
LOG (ivector-extractor-acc-stats[5.5]:main():ivector-extractor-acc-stats.cc:159) Wrote stats to -
LOG (transform-feats[5.5]:main():transform-feats.cc:158) Overall average [pseudo-]logdet is -124.029 over 5.56319e+06 frames.
LOG (transform-feats[5.5]:main():transform-feats.cc:161) Applied transform to 17172 utterances; 0 had errors.
LOG (subsample-feats[5.5]:main():subsample-feats.cc:115) Processed 17172 feature matrices; 0 with errors.
LOG (subsample-feats[5.5]:main():subsample-feats.cc:117) Processed 5563193 input frames and 2785928 output frames.
LOG (ivector-extractor-acc-stats[5.5]:main():ivector-extractor-acc-stats.cc:151) Done 17172 files, 0 with errors.  Total frames 2785928
LOG (ivector-extractor-acc-stats[5.5]:main():ivector-extractor-acc-stats.cc:159) Wrote stats to -
LOG (ivector-extractor-acc-stats[5.5]:main():ivector-extractor-acc-stats.cc:159) Wrote stats to -
LOG (ivector-extractor-sum-accs[5.5]:main():ivector-extractor-sum-accs.cc:83) Wrote summed stats to exp/chain/extractor_all/acc.4.20
# Accounting: time=2597 threads=1
# Ended (code 0) at Thu Jun 17 15:35:53 CST 2021, elapsed time 2597 seconds
