# ivector-extractor-sum-accs --parallel=true "ivector-extractor-acc-stats --num-threads=4 exp/chain/extractor_all/4.ie 'ark,s,cs:splice-feats --left-context=3 --right-context=3 scp:data/train_hires_nopitch/split80/1/feats.scp ark:- | transform-feats exp/chain/extractor_all/final.mat ark:- ark:- | subsample-feats --n=2 ark:- ark:- |' 'ark,s,cs:gunzip -c exp/chain/extractor_all/post.1.gz|' -|" "ivector-extractor-acc-stats --num-threads=4 exp/chain/extractor_all/4.ie 'ark,s,cs:splice-feats --left-context=3 --right-context=3 scp:data/train_hires_nopitch/split80/2/feats.scp ark:- | transform-feats exp/chain/extractor_all/final.mat ark:- ark:- | subsample-feats --n=2 ark:- ark:- |' 'ark,s,cs:gunzip -c exp/chain/extractor_all/post.2.gz|' -|" "ivector-extractor-acc-stats --num-threads=4 exp/chain/extractor_all/4.ie 'ark,s,cs:splice-feats --left-context=3 --right-context=3 scp:data/train_hires_nopitch/split80/3/feats.scp ark:- | transform-feats exp/chain/extractor_all/final.mat ark:- ark:- | subsample-feats --n=2 ark:- ark:- |' 'ark,s,cs:gunzip -c exp/chain/extractor_all/post.3.gz|' -|" "ivector-extractor-acc-stats --num-threads=4 exp/chain/extractor_all/4.ie 'ark,s,cs:splice-feats --left-context=3 --right-context=3 scp:data/train_hires_nopitch/split80/4/feats.scp ark:- | transform-feats exp/chain/extractor_all/final.mat ark:- ark:- | subsample-feats --n=2 ark:- ark:- |' 'ark,s,cs:gunzip -c exp/chain/extractor_all/post.4.gz|' -|" exp/chain/extractor_all/acc.4.1 
# Started at Thu Jun 17 14:52:29 CST 2021
#
ivector-extractor-sum-accs --parallel=true "ivector-extractor-acc-stats --num-threads=4 exp/chain/extractor_all/4.ie 'ark,s,cs:splice-feats --left-context=3 --right-context=3 scp:data/train_hires_nopitch/split80/1/feats.scp ark:- | transform-feats exp/chain/extractor_all/final.mat ark:- ark:- | subsample-feats --n=2 ark:- ark:- |' 'ark,s,cs:gunzip -c exp/chain/extractor_all/post.1.gz|' -|" "ivector-extractor-acc-stats --num-threads=4 exp/chain/extractor_all/4.ie 'ark,s,cs:splice-feats --left-context=3 --right-context=3 scp:data/train_hires_nopitch/split80/2/feats.scp ark:- | transform-feats exp/chain/extractor_all/final.mat ark:- ark:- | subsample-feats --n=2 ark:- ark:- |' 'ark,s,cs:gunzip -c exp/chain/extractor_all/post.2.gz|' -|" "ivector-extractor-acc-stats --num-threads=4 exp/chain/extractor_all/4.ie 'ark,s,cs:splice-feats --left-context=3 --right-context=3 scp:data/train_hires_nopitch/split80/3/feats.scp ark:- | transform-feats exp/chain/extractor_all/final.mat ark:- ark:- | subsample-feats --n=2 ark:- ark:- |' 'ark,s,cs:gunzip -c exp/chain/extractor_all/post.3.gz|' -|" "ivector-extractor-acc-stats --num-threads=4 exp/chain/extractor_all/4.ie 'ark,s,cs:splice-feats --left-context=3 --right-context=3 scp:data/train_hires_nopitch/split80/4/feats.scp ark:- | transform-feats exp/chain/extractor_all/final.mat ark:- ark:- | subsample-feats --n=2 ark:- ark:- |' 'ark,s,cs:gunzip -c exp/chain/extractor_all/post.4.gz|' -|" exp/chain/extractor_all/acc.4.1 
ivector-extractor-acc-stats --num-threads=4 exp/chain/extractor_all/4.ie 'ark,s,cs:splice-feats --left-context=3 --right-context=3 scp:data/train_hires_nopitch/split80/3/feats.scp ark:- | transform-feats exp/chain/extractor_all/final.mat ark:- ark:- | subsample-feats --n=2 ark:- ark:- |' 'ark,s,cs:gunzip -c exp/chain/extractor_all/post.3.gz|' - 
ivector-extractor-acc-stats --num-threads=4 exp/chain/extractor_all/4.ie 'ark,s,cs:splice-feats --left-context=3 --right-context=3 scp:data/train_hires_nopitch/split80/2/feats.scp ark:- | transform-feats exp/chain/extractor_all/final.mat ark:- ark:- | subsample-feats --n=2 ark:- ark:- |' 'ark,s,cs:gunzip -c exp/chain/extractor_all/post.2.gz|' - 
transform-feats exp/chain/extractor_all/final.mat ark:- ark:- 
ivector-extractor-acc-stats --num-threads=4 exp/chain/extractor_all/4.ie 'ark,s,cs:splice-feats --left-context=3 --right-context=3 scp:data/train_hires_nopitch/split80/1/feats.scp ark:- | transform-feats exp/chain/extractor_all/final.mat ark:- ark:- | subsample-feats --n=2 ark:- ark:- |' 'ark,s,cs:gunzip -c exp/chain/extractor_all/post.1.gz|' - 
subsample-feats --n=2 ark:- ark:- 
splice-feats --left-context=3 --right-context=3 scp:data/train_hires_nopitch/split80/3/feats.scp ark:- 
ivector-extractor-acc-stats --num-threads=4 exp/chain/extractor_all/4.ie 'ark,s,cs:splice-feats --left-context=3 --right-context=3 scp:data/train_hires_nopitch/split80/4/feats.scp ark:- | transform-feats exp/chain/extractor_all/final.mat ark:- ark:- | subsample-feats --n=2 ark:- ark:- |' 'ark,s,cs:gunzip -c exp/chain/extractor_all/post.4.gz|' - 
splice-feats --left-context=3 --right-context=3 scp:data/train_hires_nopitch/split80/1/feats.scp ark:- 
transform-feats exp/chain/extractor_all/final.mat ark:- ark:- 
transform-feats exp/chain/extractor_all/final.mat ark:- ark:- 
subsample-feats --n=2 ark:- ark:- 
transform-feats exp/chain/extractor_all/final.mat ark:- ark:- 
subsample-feats --n=2 ark:- ark:- 
LOG (ivector-extractor-acc-stats[5.5]:ComputeDerivedVars():ivector-extractor.cc:183) Computing derived variables for iVector extractor
LOG (ivector-extractor-acc-stats[5.5]:ComputeDerivedVars():ivector-extractor.cc:204) Done.
subsample-feats --n=2 ark:- ark:- 
LOG (ivector-extractor-acc-stats[5.5]:ComputeDerivedVars():ivector-extractor.cc:183) Computing derived variables for iVector extractor
splice-feats --left-context=3 --right-context=3 scp:data/train_hires_nopitch/split80/4/feats.scp ark:- 
LOG (ivector-extractor-acc-stats[5.5]:ComputeDerivedVars():ivector-extractor.cc:204) Done.
LOG (ivector-extractor-acc-stats[5.5]:ComputeDerivedVars():ivector-extractor.cc:183) Computing derived variables for iVector extractor
LOG (ivector-extractor-acc-stats[5.5]:ComputeDerivedVars():ivector-extractor.cc:204) Done.
splice-feats --left-context=3 --right-context=3 scp:data/train_hires_nopitch/split80/2/feats.scp ark:- 
LOG (ivector-extractor-acc-stats[5.5]:ComputeDerivedVars():ivector-extractor.cc:183) Computing derived variables for iVector extractor
LOG (ivector-extractor-acc-stats[5.5]:ComputeDerivedVars():ivector-extractor.cc:204) Done.
LOG (transform-feats[5.5]:main():transform-feats.cc:158) Overall average [pseudo-]logdet is -124.029 over 8.47781e+06 frames.
LOG (transform-feats[5.5]:main():transform-feats.cc:161) Applied transform to 26910 utterances; 0 had errors.
LOG (subsample-feats[5.5]:main():subsample-feats.cc:115) Processed 26910 feature matrices; 0 with errors.
LOG (subsample-feats[5.5]:main():subsample-feats.cc:117) Processed 8477806 input frames and 4245575 output frames.
LOG (ivector-extractor-acc-stats[5.5]:main():ivector-extractor-acc-stats.cc:151) Done 26910 files, 0 with errors.  Total frames 4245575
LOG (transform-feats[5.5]:main():transform-feats.cc:158) Overall average [pseudo-]logdet is -124.029 over 8.4344e+06 frames.
LOG (transform-feats[5.5]:main():transform-feats.cc:161) Applied transform to 27168 utterances; 0 had errors.
LOG (subsample-feats[5.5]:main():subsample-feats.cc:115) Processed 27168 feature matrices; 0 with errors.
LOG (subsample-feats[5.5]:main():subsample-feats.cc:117) Processed 8434403 input frames and 4223885 output frames.
LOG (ivector-extractor-acc-stats[5.5]:main():ivector-extractor-acc-stats.cc:151) Done 27168 files, 0 with errors.  Total frames 4223885
LOG (transform-feats[5.5]:main():transform-feats.cc:158) Overall average [pseudo-]logdet is -124.029 over 9.26211e+06 frames.
LOG (transform-feats[5.5]:main():transform-feats.cc:161) Applied transform to 27523 utterances; 0 had errors.
LOG (subsample-feats[5.5]:main():subsample-feats.cc:115) Processed 27523 feature matrices; 0 with errors.
LOG (subsample-feats[5.5]:main():subsample-feats.cc:117) Processed 9262114 input frames and 4638009 output frames.
LOG (ivector-extractor-acc-stats[5.5]:main():ivector-extractor-acc-stats.cc:151) Done 27523 files, 0 with errors.  Total frames 4638009
LOG (transform-feats[5.5]:main():transform-feats.cc:158) Overall average [pseudo-]logdet is -124.029 over 9.49396e+06 frames.
LOG (transform-feats[5.5]:main():transform-feats.cc:161) Applied transform to 27840 utterances; 0 had errors.
LOG (subsample-feats[5.5]:main():subsample-feats.cc:115) Processed 27840 feature matrices; 0 with errors.
LOG (subsample-feats[5.5]:main():subsample-feats.cc:117) Processed 9493963 input frames and 4753859 output frames.
LOG (ivector-extractor-acc-stats[5.5]:main():ivector-extractor-acc-stats.cc:151) Done 27840 files, 0 with errors.  Total frames 4753859
LOG (ivector-extractor-acc-stats[5.5]:main():ivector-extractor-acc-stats.cc:159) Wrote stats to -
LOG (ivector-extractor-acc-stats[5.5]:main():ivector-extractor-acc-stats.cc:159) Wrote stats to -
LOG (ivector-extractor-acc-stats[5.5]:main():ivector-extractor-acc-stats.cc:159) Wrote stats to -
LOG (ivector-extractor-acc-stats[5.5]:main():ivector-extractor-acc-stats.cc:159) Wrote stats to -
LOG (ivector-extractor-sum-accs[5.5]:main():ivector-extractor-sum-accs.cc:83) Wrote summed stats to exp/chain/extractor_all/acc.4.1
# Accounting: time=2721 threads=1
# Ended (code 0) at Thu Jun 17 15:37:50 CST 2021, elapsed time 2721 seconds
