# ivector-extractor-sum-accs --parallel=true "ivector-extractor-acc-stats --num-threads=4 exp/chain/extractor_all/5.ie 'ark,s,cs:splice-feats --left-context=3 --right-context=3 scp:data/train_hires_nopitch/split80/61/feats.scp ark:- | transform-feats exp/chain/extractor_all/final.mat ark:- ark:- | subsample-feats --n=2 ark:- ark:- |' 'ark,s,cs:gunzip -c exp/chain/extractor_all/post.61.gz|' -|" "ivector-extractor-acc-stats --num-threads=4 exp/chain/extractor_all/5.ie 'ark,s,cs:splice-feats --left-context=3 --right-context=3 scp:data/train_hires_nopitch/split80/62/feats.scp ark:- | transform-feats exp/chain/extractor_all/final.mat ark:- ark:- | subsample-feats --n=2 ark:- ark:- |' 'ark,s,cs:gunzip -c exp/chain/extractor_all/post.62.gz|' -|" "ivector-extractor-acc-stats --num-threads=4 exp/chain/extractor_all/5.ie 'ark,s,cs:splice-feats --left-context=3 --right-context=3 scp:data/train_hires_nopitch/split80/63/feats.scp ark:- | transform-feats exp/chain/extractor_all/final.mat ark:- ark:- | subsample-feats --n=2 ark:- ark:- |' 'ark,s,cs:gunzip -c exp/chain/extractor_all/post.63.gz|' -|" "ivector-extractor-acc-stats --num-threads=4 exp/chain/extractor_all/5.ie 'ark,s,cs:splice-feats --left-context=3 --right-context=3 scp:data/train_hires_nopitch/split80/64/feats.scp ark:- | transform-feats exp/chain/extractor_all/final.mat ark:- ark:- | subsample-feats --n=2 ark:- ark:- |' 'ark,s,cs:gunzip -c exp/chain/extractor_all/post.64.gz|' -|" exp/chain/extractor_all/acc.5.16 
# Started at Thu Jun 17 15:38:58 CST 2021
#
ivector-extractor-sum-accs --parallel=true "ivector-extractor-acc-stats --num-threads=4 exp/chain/extractor_all/5.ie 'ark,s,cs:splice-feats --left-context=3 --right-context=3 scp:data/train_hires_nopitch/split80/61/feats.scp ark:- | transform-feats exp/chain/extractor_all/final.mat ark:- ark:- | subsample-feats --n=2 ark:- ark:- |' 'ark,s,cs:gunzip -c exp/chain/extractor_all/post.61.gz|' -|" "ivector-extractor-acc-stats --num-threads=4 exp/chain/extractor_all/5.ie 'ark,s,cs:splice-feats --left-context=3 --right-context=3 scp:data/train_hires_nopitch/split80/62/feats.scp ark:- | transform-feats exp/chain/extractor_all/final.mat ark:- ark:- | subsample-feats --n=2 ark:- ark:- |' 'ark,s,cs:gunzip -c exp/chain/extractor_all/post.62.gz|' -|" "ivector-extractor-acc-stats --num-threads=4 exp/chain/extractor_all/5.ie 'ark,s,cs:splice-feats --left-context=3 --right-context=3 scp:data/train_hires_nopitch/split80/63/feats.scp ark:- | transform-feats exp/chain/extractor_all/final.mat ark:- ark:- | subsample-feats --n=2 ark:- ark:- |' 'ark,s,cs:gunzip -c exp/chain/extractor_all/post.63.gz|' -|" "ivector-extractor-acc-stats --num-threads=4 exp/chain/extractor_all/5.ie 'ark,s,cs:splice-feats --left-context=3 --right-context=3 scp:data/train_hires_nopitch/split80/64/feats.scp ark:- | transform-feats exp/chain/extractor_all/final.mat ark:- ark:- | subsample-feats --n=2 ark:- ark:- |' 'ark,s,cs:gunzip -c exp/chain/extractor_all/post.64.gz|' -|" exp/chain/extractor_all/acc.5.16 
ivector-extractor-acc-stats --num-threads=4 exp/chain/extractor_all/5.ie 'ark,s,cs:splice-feats --left-context=3 --right-context=3 scp:data/train_hires_nopitch/split80/64/feats.scp ark:- | transform-feats exp/chain/extractor_all/final.mat ark:- ark:- | subsample-feats --n=2 ark:- ark:- |' 'ark,s,cs:gunzip -c exp/chain/extractor_all/post.64.gz|' - 
subsample-feats --n=2 ark:- ark:- 
ivector-extractor-acc-stats --num-threads=4 exp/chain/extractor_all/5.ie 'ark,s,cs:splice-feats --left-context=3 --right-context=3 scp:data/train_hires_nopitch/split80/62/feats.scp ark:- | transform-feats exp/chain/extractor_all/final.mat ark:- ark:- | subsample-feats --n=2 ark:- ark:- |' 'ark,s,cs:gunzip -c exp/chain/extractor_all/post.62.gz|' - 
subsample-feats --n=2 ark:- ark:- 
ivector-extractor-acc-stats --num-threads=4 exp/chain/extractor_all/5.ie 'ark,s,cs:splice-feats --left-context=3 --right-context=3 scp:data/train_hires_nopitch/split80/61/feats.scp ark:- | transform-feats exp/chain/extractor_all/final.mat ark:- ark:- | subsample-feats --n=2 ark:- ark:- |' 'ark,s,cs:gunzip -c exp/chain/extractor_all/post.61.gz|' - 
ivector-extractor-acc-stats --num-threads=4 exp/chain/extractor_all/5.ie 'ark,s,cs:splice-feats --left-context=3 --right-context=3 scp:data/train_hires_nopitch/split80/63/feats.scp ark:- | transform-feats exp/chain/extractor_all/final.mat ark:- ark:- | subsample-feats --n=2 ark:- ark:- |' 'ark,s,cs:gunzip -c exp/chain/extractor_all/post.63.gz|' - 
transform-feats exp/chain/extractor_all/final.mat ark:- ark:- 
splice-feats --left-context=3 --right-context=3 scp:data/train_hires_nopitch/split80/64/feats.scp ark:- 
transform-feats exp/chain/extractor_all/final.mat ark:- ark:- 
subsample-feats --n=2 ark:- ark:- 
LOG (ivector-extractor-acc-stats[5.5]:ComputeDerivedVars():ivector-extractor.cc:183) Computing derived variables for iVector extractor
LOG (ivector-extractor-acc-stats[5.5]:ComputeDerivedVars():ivector-extractor.cc:204) Done.
splice-feats --left-context=3 --right-context=3 scp:data/train_hires_nopitch/split80/61/feats.scp ark:- 
splice-feats --left-context=3 --right-context=3 scp:data/train_hires_nopitch/split80/62/feats.scp ark:- 
transform-feats exp/chain/extractor_all/final.mat ark:- ark:- 
splice-feats --left-context=3 --right-context=3 scp:data/train_hires_nopitch/split80/63/feats.scp ark:- 
LOG (ivector-extractor-acc-stats[5.5]:ComputeDerivedVars():ivector-extractor.cc:183) Computing derived variables for iVector extractor
LOG (ivector-extractor-acc-stats[5.5]:ComputeDerivedVars():ivector-extractor.cc:183) Computing derived variables for iVector extractor
LOG (ivector-extractor-acc-stats[5.5]:ComputeDerivedVars():ivector-extractor.cc:204) Done.
LOG (ivector-extractor-acc-stats[5.5]:ComputeDerivedVars():ivector-extractor.cc:204) Done.
subsample-feats --n=2 ark:- ark:- 
transform-feats exp/chain/extractor_all/final.mat ark:- ark:- 
LOG (ivector-extractor-acc-stats[5.5]:ComputeDerivedVars():ivector-extractor.cc:183) Computing derived variables for iVector extractor
LOG (ivector-extractor-acc-stats[5.5]:ComputeDerivedVars():ivector-extractor.cc:204) Done.
LOG (transform-feats[5.5]:main():transform-feats.cc:158) Overall average [pseudo-]logdet is -124.029 over 6.19769e+06 frames.
LOG (transform-feats[5.5]:main():transform-feats.cc:161) Applied transform to 15872 utterances; 0 had errors.
LOG (subsample-feats[5.5]:main():subsample-feats.cc:115) Processed 15872 feature matrices; 0 with errors.
LOG (subsample-feats[5.5]:main():subsample-feats.cc:117) Processed 6197690 input frames and 3101748 output frames.
LOG (ivector-extractor-acc-stats[5.5]:main():ivector-extractor-acc-stats.cc:151) Done 15872 files, 0 with errors.  Total frames 3101748
LOG (transform-feats[5.5]:main():transform-feats.cc:158) Overall average [pseudo-]logdet is -124.029 over 6.58673e+06 frames.
LOG (transform-feats[5.5]:main():transform-feats.cc:161) Applied transform to 16098 utterances; 0 had errors.
LOG (subsample-feats[5.5]:main():subsample-feats.cc:115) Processed 16098 feature matrices; 0 with errors.
LOG (subsample-feats[5.5]:main():subsample-feats.cc:117) Processed 6586734 input frames and 3296146 output frames.
LOG (ivector-extractor-acc-stats[5.5]:main():ivector-extractor-acc-stats.cc:151) Done 16098 files, 0 with errors.  Total frames 3296146
LOG (transform-feats[5.5]:main():transform-feats.cc:158) Overall average [pseudo-]logdet is -124.029 over 6.40831e+06 frames.
LOG (transform-feats[5.5]:main():transform-feats.cc:161) Applied transform to 15935 utterances; 0 had errors.
LOG (subsample-feats[5.5]:main():subsample-feats.cc:115) Processed 15935 feature matrices; 0 with errors.
LOG (subsample-feats[5.5]:main():subsample-feats.cc:117) Processed 6408313 input frames and 3206804 output frames.
LOG (ivector-extractor-acc-stats[5.5]:main():ivector-extractor-acc-stats.cc:151) Done 15935 files, 0 with errors.  Total frames 3206804
LOG (transform-feats[5.5]:main():transform-feats.cc:158) Overall average [pseudo-]logdet is -124.029 over 7.19829e+06 frames.
LOG (transform-feats[5.5]:main():transform-feats.cc:161) Applied transform to 16272 utterances; 0 had errors.
LOG (subsample-feats[5.5]:main():subsample-feats.cc:115) Processed 16272 feature matrices; 0 with errors.
LOG (subsample-feats[5.5]:main():subsample-feats.cc:117) Processed 7198294 input frames and 3601951 output frames.
LOG (ivector-extractor-acc-stats[5.5]:main():ivector-extractor-acc-stats.cc:151) Done 16272 files, 0 with errors.  Total frames 3601951
LOG (ivector-extractor-acc-stats[5.5]:main():ivector-extractor-acc-stats.cc:159) Wrote stats to -
LOG (ivector-extractor-acc-stats[5.5]:main():ivector-extractor-acc-stats.cc:159) Wrote stats to -
LOG (ivector-extractor-acc-stats[5.5]:main():ivector-extractor-acc-stats.cc:159) Wrote stats to -
LOG (ivector-extractor-acc-stats[5.5]:main():ivector-extractor-acc-stats.cc:159) Wrote stats to -
LOG (ivector-extractor-sum-accs[5.5]:main():ivector-extractor-sum-accs.cc:83) Wrote summed stats to exp/chain/extractor_all/acc.5.16
# Accounting: time=2560 threads=1
# Ended (code 0) at Thu Jun 17 16:21:39 CST 2021, elapsed time 2560 seconds
