# ivector-extractor-sum-accs --parallel=true "ivector-extractor-acc-stats --num-threads=4 exp/chain/extractor_all/5.ie 'ark,s,cs:splice-feats --left-context=3 --right-context=3 scp:data/train_hires_nopitch/split80/25/feats.scp ark:- | transform-feats exp/chain/extractor_all/final.mat ark:- ark:- | subsample-feats --n=2 ark:- ark:- |' 'ark,s,cs:gunzip -c exp/chain/extractor_all/post.25.gz|' -|" "ivector-extractor-acc-stats --num-threads=4 exp/chain/extractor_all/5.ie 'ark,s,cs:splice-feats --left-context=3 --right-context=3 scp:data/train_hires_nopitch/split80/26/feats.scp ark:- | transform-feats exp/chain/extractor_all/final.mat ark:- ark:- | subsample-feats --n=2 ark:- ark:- |' 'ark,s,cs:gunzip -c exp/chain/extractor_all/post.26.gz|' -|" "ivector-extractor-acc-stats --num-threads=4 exp/chain/extractor_all/5.ie 'ark,s,cs:splice-feats --left-context=3 --right-context=3 scp:data/train_hires_nopitch/split80/27/feats.scp ark:- | transform-feats exp/chain/extractor_all/final.mat ark:- ark:- | subsample-feats --n=2 ark:- ark:- |' 'ark,s,cs:gunzip -c exp/chain/extractor_all/post.27.gz|' -|" "ivector-extractor-acc-stats --num-threads=4 exp/chain/extractor_all/5.ie 'ark,s,cs:splice-feats --left-context=3 --right-context=3 scp:data/train_hires_nopitch/split80/28/feats.scp ark:- | transform-feats exp/chain/extractor_all/final.mat ark:- ark:- | subsample-feats --n=2 ark:- ark:- |' 'ark,s,cs:gunzip -c exp/chain/extractor_all/post.28.gz|' -|" exp/chain/extractor_all/acc.5.7 
# Started at Thu Jun 17 15:38:58 CST 2021
#
ivector-extractor-sum-accs --parallel=true "ivector-extractor-acc-stats --num-threads=4 exp/chain/extractor_all/5.ie 'ark,s,cs:splice-feats --left-context=3 --right-context=3 scp:data/train_hires_nopitch/split80/25/feats.scp ark:- | transform-feats exp/chain/extractor_all/final.mat ark:- ark:- | subsample-feats --n=2 ark:- ark:- |' 'ark,s,cs:gunzip -c exp/chain/extractor_all/post.25.gz|' -|" "ivector-extractor-acc-stats --num-threads=4 exp/chain/extractor_all/5.ie 'ark,s,cs:splice-feats --left-context=3 --right-context=3 scp:data/train_hires_nopitch/split80/26/feats.scp ark:- | transform-feats exp/chain/extractor_all/final.mat ark:- ark:- | subsample-feats --n=2 ark:- ark:- |' 'ark,s,cs:gunzip -c exp/chain/extractor_all/post.26.gz|' -|" "ivector-extractor-acc-stats --num-threads=4 exp/chain/extractor_all/5.ie 'ark,s,cs:splice-feats --left-context=3 --right-context=3 scp:data/train_hires_nopitch/split80/27/feats.scp ark:- | transform-feats exp/chain/extractor_all/final.mat ark:- ark:- | subsample-feats --n=2 ark:- ark:- |' 'ark,s,cs:gunzip -c exp/chain/extractor_all/post.27.gz|' -|" "ivector-extractor-acc-stats --num-threads=4 exp/chain/extractor_all/5.ie 'ark,s,cs:splice-feats --left-context=3 --right-context=3 scp:data/train_hires_nopitch/split80/28/feats.scp ark:- | transform-feats exp/chain/extractor_all/final.mat ark:- ark:- | subsample-feats --n=2 ark:- ark:- |' 'ark,s,cs:gunzip -c exp/chain/extractor_all/post.28.gz|' -|" exp/chain/extractor_all/acc.5.7 
ivector-extractor-acc-stats --num-threads=4 exp/chain/extractor_all/5.ie 'ark,s,cs:splice-feats --left-context=3 --right-context=3 scp:data/train_hires_nopitch/split80/28/feats.scp ark:- | transform-feats exp/chain/extractor_all/final.mat ark:- ark:- | subsample-feats --n=2 ark:- ark:- |' 'ark,s,cs:gunzip -c exp/chain/extractor_all/post.28.gz|' - 
transform-feats exp/chain/extractor_all/final.mat ark:- ark:- 
subsample-feats --n=2 ark:- ark:- 
ivector-extractor-acc-stats --num-threads=4 exp/chain/extractor_all/5.ie 'ark,s,cs:splice-feats --left-context=3 --right-context=3 scp:data/train_hires_nopitch/split80/27/feats.scp ark:- | transform-feats exp/chain/extractor_all/final.mat ark:- ark:- | subsample-feats --n=2 ark:- ark:- |' 'ark,s,cs:gunzip -c exp/chain/extractor_all/post.27.gz|' - 
ivector-extractor-acc-stats --num-threads=4 exp/chain/extractor_all/5.ie 'ark,s,cs:splice-feats --left-context=3 --right-context=3 scp:data/train_hires_nopitch/split80/25/feats.scp ark:- | transform-feats exp/chain/extractor_all/final.mat ark:- ark:- | subsample-feats --n=2 ark:- ark:- |' 'ark,s,cs:gunzip -c exp/chain/extractor_all/post.25.gz|' - 
ivector-extractor-acc-stats --num-threads=4 exp/chain/extractor_all/5.ie 'ark,s,cs:splice-feats --left-context=3 --right-context=3 scp:data/train_hires_nopitch/split80/26/feats.scp ark:- | transform-feats exp/chain/extractor_all/final.mat ark:- ark:- | subsample-feats --n=2 ark:- ark:- |' 'ark,s,cs:gunzip -c exp/chain/extractor_all/post.26.gz|' - 
splice-feats --left-context=3 --right-context=3 scp:data/train_hires_nopitch/split80/27/feats.scp ark:- 
transform-feats exp/chain/extractor_all/final.mat ark:- ark:- 
splice-feats --left-context=3 --right-context=3 scp:data/train_hires_nopitch/split80/26/feats.scp ark:- 
splice-feats --left-context=3 --right-context=3 scp:data/train_hires_nopitch/split80/28/feats.scp ark:- 
transform-feats exp/chain/extractor_all/final.mat ark:- ark:- 
LOG (ivector-extractor-acc-stats[5.5]:ComputeDerivedVars():ivector-extractor.cc:183) Computing derived variables for iVector extractor
LOG (ivector-extractor-acc-stats[5.5]:ComputeDerivedVars():ivector-extractor.cc:204) Done.
subsample-feats --n=2 ark:- ark:- 
subsample-feats --n=2 ark:- ark:- 
LOG (ivector-extractor-acc-stats[5.5]:ComputeDerivedVars():ivector-extractor.cc:183) Computing derived variables for iVector extractor
LOG (ivector-extractor-acc-stats[5.5]:ComputeDerivedVars():ivector-extractor.cc:204) Done.
transform-feats exp/chain/extractor_all/final.mat ark:- ark:- 
splice-feats --left-context=3 --right-context=3 scp:data/train_hires_nopitch/split80/25/feats.scp ark:- 
LOG (ivector-extractor-acc-stats[5.5]:ComputeDerivedVars():ivector-extractor.cc:183) Computing derived variables for iVector extractor
LOG (ivector-extractor-acc-stats[5.5]:ComputeDerivedVars():ivector-extractor.cc:204) Done.
subsample-feats --n=2 ark:- ark:- 
LOG (ivector-extractor-acc-stats[5.5]:ComputeDerivedVars():ivector-extractor.cc:183) Computing derived variables for iVector extractor
LOG (ivector-extractor-acc-stats[5.5]:ComputeDerivedVars():ivector-extractor.cc:204) Done.
LOG (transform-feats[5.5]:main():transform-feats.cc:158) Overall average [pseudo-]logdet is -124.029 over 6.12302e+06 frames.
LOG (transform-feats[5.5]:main():transform-feats.cc:161) Applied transform to 21484 utterances; 0 had errors.
LOG (subsample-feats[5.5]:main():subsample-feats.cc:115) Processed 21484 feature matrices; 0 with errors.
LOG (subsample-feats[5.5]:main():subsample-feats.cc:117) Processed 6123025 input frames and 3066869 output frames.
LOG (ivector-extractor-acc-stats[5.5]:main():ivector-extractor-acc-stats.cc:151) Done 21484 files, 0 with errors.  Total frames 3066869
LOG (transform-feats[5.5]:main():transform-feats.cc:158) Overall average [pseudo-]logdet is -124.029 over 6.07697e+06 frames.
LOG (transform-feats[5.5]:main():transform-feats.cc:161) Applied transform to 21762 utterances; 0 had errors.
LOG (subsample-feats[5.5]:main():subsample-feats.cc:115) Processed 21762 feature matrices; 0 with errors.
LOG (subsample-feats[5.5]:main():subsample-feats.cc:117) Processed 6076972 input frames and 3043935 output frames.
LOG (ivector-extractor-acc-stats[5.5]:main():ivector-extractor-acc-stats.cc:151) Done 21762 files, 0 with errors.  Total frames 3043935
LOG (transform-feats[5.5]:main():transform-feats.cc:158) Overall average [pseudo-]logdet is -124.029 over 5.83443e+06 frames.
LOG (transform-feats[5.5]:main():transform-feats.cc:161) Applied transform to 22544 utterances; 0 had errors.
LOG (subsample-feats[5.5]:main():subsample-feats.cc:115) Processed 22544 feature matrices; 0 with errors.
LOG (subsample-feats[5.5]:main():subsample-feats.cc:117) Processed 5834427 input frames and 2922810 output frames.
LOG (ivector-extractor-acc-stats[5.5]:main():ivector-extractor-acc-stats.cc:151) Done 22544 files, 0 with errors.  Total frames 2922810
LOG (ivector-extractor-acc-stats[5.5]:main():ivector-extractor-acc-stats.cc:159) Wrote stats to -
LOG (transform-feats[5.5]:main():transform-feats.cc:158) Overall average [pseudo-]logdet is -124.029 over 6.22158e+06 frames.
LOG (transform-feats[5.5]:main():transform-feats.cc:161) Applied transform to 22096 utterances; 0 had errors.
LOG (subsample-feats[5.5]:main():subsample-feats.cc:115) Processed 22096 feature matrices; 0 with errors.
LOG (subsample-feats[5.5]:main():subsample-feats.cc:117) Processed 6221577 input frames and 3116328 output frames.
LOG (ivector-extractor-acc-stats[5.5]:main():ivector-extractor-acc-stats.cc:151) Done 22096 files, 0 with errors.  Total frames 3116328
LOG (ivector-extractor-acc-stats[5.5]:main():ivector-extractor-acc-stats.cc:159) Wrote stats to -
LOG (ivector-extractor-acc-stats[5.5]:main():ivector-extractor-acc-stats.cc:159) Wrote stats to -
LOG (ivector-extractor-acc-stats[5.5]:main():ivector-extractor-acc-stats.cc:159) Wrote stats to -
LOG (ivector-extractor-sum-accs[5.5]:main():ivector-extractor-sum-accs.cc:83) Wrote summed stats to exp/chain/extractor_all/acc.5.7
# Accounting: time=2579 threads=1
# Ended (code 0) at Thu Jun 17 16:21:58 CST 2021, elapsed time 2579 seconds
