# ivector-extractor-sum-accs exp/chain/extractor_all/acc.0.1 exp/chain/extractor_all/acc.0.2 exp/chain/extractor_all/acc.0.3 exp/chain/extractor_all/acc.0.4 exp/chain/extractor_all/acc.0.5 exp/chain/extractor_all/acc.0.6 exp/chain/extractor_all/acc.0.7 exp/chain/extractor_all/acc.0.8 exp/chain/extractor_all/acc.0.9 exp/chain/extractor_all/acc.0.10 exp/chain/extractor_all/acc.0.11 exp/chain/extractor_all/acc.0.12 exp/chain/extractor_all/acc.0.13 exp/chain/extractor_all/acc.0.14 exp/chain/extractor_all/acc.0.15 exp/chain/extractor_all/acc.0.16 exp/chain/extractor_all/acc.0.17 exp/chain/extractor_all/acc.0.18 exp/chain/extractor_all/acc.0.19 exp/chain/extractor_all/acc.0.20 exp/chain/extractor_all/acc.0 
# Started at Thu Jun 17 12:39:10 CST 2021
#
ivector-extractor-sum-accs exp/chain/extractor_all/acc.0.1 exp/chain/extractor_all/acc.0.2 exp/chain/extractor_all/acc.0.3 exp/chain/extractor_all/acc.0.4 exp/chain/extractor_all/acc.0.5 exp/chain/extractor_all/acc.0.6 exp/chain/extractor_all/acc.0.7 exp/chain/extractor_all/acc.0.8 exp/chain/extractor_all/acc.0.9 exp/chain/extractor_all/acc.0.10 exp/chain/extractor_all/acc.0.11 exp/chain/extractor_all/acc.0.12 exp/chain/extractor_all/acc.0.13 exp/chain/extractor_all/acc.0.14 exp/chain/extractor_all/acc.0.15 exp/chain/extractor_all/acc.0.16 exp/chain/extractor_all/acc.0.17 exp/chain/extractor_all/acc.0.18 exp/chain/extractor_all/acc.0.19 exp/chain/extractor_all/acc.0.20 exp/chain/extractor_all/acc.0 
LOG (ivector-extractor-sum-accs[5.5]:main():ivector-extractor-sum-accs.cc:74) Reading stats from exp/chain/extractor_all/acc.0.1
LOG (ivector-extractor-sum-accs[5.5]:main():ivector-extractor-sum-accs.cc:74) Reading stats from exp/chain/extractor_all/acc.0.2
LOG (ivector-extractor-sum-accs[5.5]:main():ivector-extractor-sum-accs.cc:74) Reading stats from exp/chain/extractor_all/acc.0.3
LOG (ivector-extractor-sum-accs[5.5]:main():ivector-extractor-sum-accs.cc:74) Reading stats from exp/chain/extractor_all/acc.0.4
LOG (ivector-extractor-sum-accs[5.5]:main():ivector-extractor-sum-accs.cc:74) Reading stats from exp/chain/extractor_all/acc.0.5
LOG (ivector-extractor-sum-accs[5.5]:main():ivector-extractor-sum-accs.cc:74) Reading stats from exp/chain/extractor_all/acc.0.6
LOG (ivector-extractor-sum-accs[5.5]:main():ivector-extractor-sum-accs.cc:74) Reading stats from exp/chain/extractor_all/acc.0.7
LOG (ivector-extractor-sum-accs[5.5]:main():ivector-extractor-sum-accs.cc:74) Reading stats from exp/chain/extractor_all/acc.0.8
LOG (ivector-extractor-sum-accs[5.5]:main():ivector-extractor-sum-accs.cc:74) Reading stats from exp/chain/extractor_all/acc.0.9
LOG (ivector-extractor-sum-accs[5.5]:main():ivector-extractor-sum-accs.cc:74) Reading stats from exp/chain/extractor_all/acc.0.10
LOG (ivector-extractor-sum-accs[5.5]:main():ivector-extractor-sum-accs.cc:74) Reading stats from exp/chain/extractor_all/acc.0.11
LOG (ivector-extractor-sum-accs[5.5]:main():ivector-extractor-sum-accs.cc:74) Reading stats from exp/chain/extractor_all/acc.0.12
LOG (ivector-extractor-sum-accs[5.5]:main():ivector-extractor-sum-accs.cc:74) Reading stats from exp/chain/extractor_all/acc.0.13
LOG (ivector-extractor-sum-accs[5.5]:main():ivector-extractor-sum-accs.cc:74) Reading stats from exp/chain/extractor_all/acc.0.14
LOG (ivector-extractor-sum-accs[5.5]:main():ivector-extractor-sum-accs.cc:74) Reading stats from exp/chain/extractor_all/acc.0.15
LOG (ivector-extractor-sum-accs[5.5]:main():ivector-extractor-sum-accs.cc:74) Reading stats from exp/chain/extractor_all/acc.0.16
LOG (ivector-extractor-sum-accs[5.5]:main():ivector-extractor-sum-accs.cc:74) Reading stats from exp/chain/extractor_all/acc.0.17
LOG (ivector-extractor-sum-accs[5.5]:main():ivector-extractor-sum-accs.cc:74) Reading stats from exp/chain/extractor_all/acc.0.18
LOG (ivector-extractor-sum-accs[5.5]:main():ivector-extractor-sum-accs.cc:74) Reading stats from exp/chain/extractor_all/acc.0.19
LOG (ivector-extractor-sum-accs[5.5]:main():ivector-extractor-sum-accs.cc:74) Reading stats from exp/chain/extractor_all/acc.0.20
LOG (ivector-extractor-sum-accs[5.5]:main():ivector-extractor-sum-accs.cc:83) Wrote summed stats to exp/chain/extractor_all/acc.0
# Accounting: time=4 threads=1
# Ended (code 0) at Thu Jun 17 12:39:14 CST 2021, elapsed time 4 seconds
