# ivector-extractor-sum-accs exp/chain/extractor_all/acc.8.1 exp/chain/extractor_all/acc.8.2 exp/chain/extractor_all/acc.8.3 exp/chain/extractor_all/acc.8.4 exp/chain/extractor_all/acc.8.5 exp/chain/extractor_all/acc.8.6 exp/chain/extractor_all/acc.8.7 exp/chain/extractor_all/acc.8.8 exp/chain/extractor_all/acc.8.9 exp/chain/extractor_all/acc.8.10 exp/chain/extractor_all/acc.8.11 exp/chain/extractor_all/acc.8.12 exp/chain/extractor_all/acc.8.13 exp/chain/extractor_all/acc.8.14 exp/chain/extractor_all/acc.8.15 exp/chain/extractor_all/acc.8.16 exp/chain/extractor_all/acc.8.17 exp/chain/extractor_all/acc.8.18 exp/chain/extractor_all/acc.8.19 exp/chain/extractor_all/acc.8.20 exp/chain/extractor_all/acc.8 
# Started at Thu Jun 17 18:36:38 CST 2021
#
ivector-extractor-sum-accs exp/chain/extractor_all/acc.8.1 exp/chain/extractor_all/acc.8.2 exp/chain/extractor_all/acc.8.3 exp/chain/extractor_all/acc.8.4 exp/chain/extractor_all/acc.8.5 exp/chain/extractor_all/acc.8.6 exp/chain/extractor_all/acc.8.7 exp/chain/extractor_all/acc.8.8 exp/chain/extractor_all/acc.8.9 exp/chain/extractor_all/acc.8.10 exp/chain/extractor_all/acc.8.11 exp/chain/extractor_all/acc.8.12 exp/chain/extractor_all/acc.8.13 exp/chain/extractor_all/acc.8.14 exp/chain/extractor_all/acc.8.15 exp/chain/extractor_all/acc.8.16 exp/chain/extractor_all/acc.8.17 exp/chain/extractor_all/acc.8.18 exp/chain/extractor_all/acc.8.19 exp/chain/extractor_all/acc.8.20 exp/chain/extractor_all/acc.8 
LOG (ivector-extractor-sum-accs[5.5]:main():ivector-extractor-sum-accs.cc:74) Reading stats from exp/chain/extractor_all/acc.8.1
LOG (ivector-extractor-sum-accs[5.5]:main():ivector-extractor-sum-accs.cc:74) Reading stats from exp/chain/extractor_all/acc.8.2
LOG (ivector-extractor-sum-accs[5.5]:main():ivector-extractor-sum-accs.cc:74) Reading stats from exp/chain/extractor_all/acc.8.3
LOG (ivector-extractor-sum-accs[5.5]:main():ivector-extractor-sum-accs.cc:74) Reading stats from exp/chain/extractor_all/acc.8.4
LOG (ivector-extractor-sum-accs[5.5]:main():ivector-extractor-sum-accs.cc:74) Reading stats from exp/chain/extractor_all/acc.8.5
LOG (ivector-extractor-sum-accs[5.5]:main():ivector-extractor-sum-accs.cc:74) Reading stats from exp/chain/extractor_all/acc.8.6
LOG (ivector-extractor-sum-accs[5.5]:main():ivector-extractor-sum-accs.cc:74) Reading stats from exp/chain/extractor_all/acc.8.7
LOG (ivector-extractor-sum-accs[5.5]:main():ivector-extractor-sum-accs.cc:74) Reading stats from exp/chain/extractor_all/acc.8.8
LOG (ivector-extractor-sum-accs[5.5]:main():ivector-extractor-sum-accs.cc:74) Reading stats from exp/chain/extractor_all/acc.8.9
LOG (ivector-extractor-sum-accs[5.5]:main():ivector-extractor-sum-accs.cc:74) Reading stats from exp/chain/extractor_all/acc.8.10
LOG (ivector-extractor-sum-accs[5.5]:main():ivector-extractor-sum-accs.cc:74) Reading stats from exp/chain/extractor_all/acc.8.11
LOG (ivector-extractor-sum-accs[5.5]:main():ivector-extractor-sum-accs.cc:74) Reading stats from exp/chain/extractor_all/acc.8.12
LOG (ivector-extractor-sum-accs[5.5]:main():ivector-extractor-sum-accs.cc:74) Reading stats from exp/chain/extractor_all/acc.8.13
LOG (ivector-extractor-sum-accs[5.5]:main():ivector-extractor-sum-accs.cc:74) Reading stats from exp/chain/extractor_all/acc.8.14
LOG (ivector-extractor-sum-accs[5.5]:main():ivector-extractor-sum-accs.cc:74) Reading stats from exp/chain/extractor_all/acc.8.15
LOG (ivector-extractor-sum-accs[5.5]:main():ivector-extractor-sum-accs.cc:74) Reading stats from exp/chain/extractor_all/acc.8.16
LOG (ivector-extractor-sum-accs[5.5]:main():ivector-extractor-sum-accs.cc:74) Reading stats from exp/chain/extractor_all/acc.8.17
LOG (ivector-extractor-sum-accs[5.5]:main():ivector-extractor-sum-accs.cc:74) Reading stats from exp/chain/extractor_all/acc.8.18
LOG (ivector-extractor-sum-accs[5.5]:main():ivector-extractor-sum-accs.cc:74) Reading stats from exp/chain/extractor_all/acc.8.19
LOG (ivector-extractor-sum-accs[5.5]:main():ivector-extractor-sum-accs.cc:74) Reading stats from exp/chain/extractor_all/acc.8.20
LOG (ivector-extractor-sum-accs[5.5]:main():ivector-extractor-sum-accs.cc:83) Wrote summed stats to exp/chain/extractor_all/acc.8
# Accounting: time=4 threads=1
# Ended (code 0) at Thu Jun 17 18:36:42 CST 2021, elapsed time 4 seconds
