# ivector-extractor-sum-accs exp/chain/extractor_all/acc.6.1 exp/chain/extractor_all/acc.6.2 exp/chain/extractor_all/acc.6.3 exp/chain/extractor_all/acc.6.4 exp/chain/extractor_all/acc.6.5 exp/chain/extractor_all/acc.6.6 exp/chain/extractor_all/acc.6.7 exp/chain/extractor_all/acc.6.8 exp/chain/extractor_all/acc.6.9 exp/chain/extractor_all/acc.6.10 exp/chain/extractor_all/acc.6.11 exp/chain/extractor_all/acc.6.12 exp/chain/extractor_all/acc.6.13 exp/chain/extractor_all/acc.6.14 exp/chain/extractor_all/acc.6.15 exp/chain/extractor_all/acc.6.16 exp/chain/extractor_all/acc.6.17 exp/chain/extractor_all/acc.6.18 exp/chain/extractor_all/acc.6.19 exp/chain/extractor_all/acc.6.20 exp/chain/extractor_all/acc.6 
# Started at Thu Jun 17 17:05:12 CST 2021
#
ivector-extractor-sum-accs exp/chain/extractor_all/acc.6.1 exp/chain/extractor_all/acc.6.2 exp/chain/extractor_all/acc.6.3 exp/chain/extractor_all/acc.6.4 exp/chain/extractor_all/acc.6.5 exp/chain/extractor_all/acc.6.6 exp/chain/extractor_all/acc.6.7 exp/chain/extractor_all/acc.6.8 exp/chain/extractor_all/acc.6.9 exp/chain/extractor_all/acc.6.10 exp/chain/extractor_all/acc.6.11 exp/chain/extractor_all/acc.6.12 exp/chain/extractor_all/acc.6.13 exp/chain/extractor_all/acc.6.14 exp/chain/extractor_all/acc.6.15 exp/chain/extractor_all/acc.6.16 exp/chain/extractor_all/acc.6.17 exp/chain/extractor_all/acc.6.18 exp/chain/extractor_all/acc.6.19 exp/chain/extractor_all/acc.6.20 exp/chain/extractor_all/acc.6 
LOG (ivector-extractor-sum-accs[5.5]:main():ivector-extractor-sum-accs.cc:74) Reading stats from exp/chain/extractor_all/acc.6.1
LOG (ivector-extractor-sum-accs[5.5]:main():ivector-extractor-sum-accs.cc:74) Reading stats from exp/chain/extractor_all/acc.6.2
LOG (ivector-extractor-sum-accs[5.5]:main():ivector-extractor-sum-accs.cc:74) Reading stats from exp/chain/extractor_all/acc.6.3
LOG (ivector-extractor-sum-accs[5.5]:main():ivector-extractor-sum-accs.cc:74) Reading stats from exp/chain/extractor_all/acc.6.4
LOG (ivector-extractor-sum-accs[5.5]:main():ivector-extractor-sum-accs.cc:74) Reading stats from exp/chain/extractor_all/acc.6.5
LOG (ivector-extractor-sum-accs[5.5]:main():ivector-extractor-sum-accs.cc:74) Reading stats from exp/chain/extractor_all/acc.6.6
LOG (ivector-extractor-sum-accs[5.5]:main():ivector-extractor-sum-accs.cc:74) Reading stats from exp/chain/extractor_all/acc.6.7
LOG (ivector-extractor-sum-accs[5.5]:main():ivector-extractor-sum-accs.cc:74) Reading stats from exp/chain/extractor_all/acc.6.8
LOG (ivector-extractor-sum-accs[5.5]:main():ivector-extractor-sum-accs.cc:74) Reading stats from exp/chain/extractor_all/acc.6.9
LOG (ivector-extractor-sum-accs[5.5]:main():ivector-extractor-sum-accs.cc:74) Reading stats from exp/chain/extractor_all/acc.6.10
LOG (ivector-extractor-sum-accs[5.5]:main():ivector-extractor-sum-accs.cc:74) Reading stats from exp/chain/extractor_all/acc.6.11
LOG (ivector-extractor-sum-accs[5.5]:main():ivector-extractor-sum-accs.cc:74) Reading stats from exp/chain/extractor_all/acc.6.12
LOG (ivector-extractor-sum-accs[5.5]:main():ivector-extractor-sum-accs.cc:74) Reading stats from exp/chain/extractor_all/acc.6.13
LOG (ivector-extractor-sum-accs[5.5]:main():ivector-extractor-sum-accs.cc:74) Reading stats from exp/chain/extractor_all/acc.6.14
LOG (ivector-extractor-sum-accs[5.5]:main():ivector-extractor-sum-accs.cc:74) Reading stats from exp/chain/extractor_all/acc.6.15
LOG (ivector-extractor-sum-accs[5.5]:main():ivector-extractor-sum-accs.cc:74) Reading stats from exp/chain/extractor_all/acc.6.16
LOG (ivector-extractor-sum-accs[5.5]:main():ivector-extractor-sum-accs.cc:74) Reading stats from exp/chain/extractor_all/acc.6.17
LOG (ivector-extractor-sum-accs[5.5]:main():ivector-extractor-sum-accs.cc:74) Reading stats from exp/chain/extractor_all/acc.6.18
LOG (ivector-extractor-sum-accs[5.5]:main():ivector-extractor-sum-accs.cc:74) Reading stats from exp/chain/extractor_all/acc.6.19
LOG (ivector-extractor-sum-accs[5.5]:main():ivector-extractor-sum-accs.cc:74) Reading stats from exp/chain/extractor_all/acc.6.20
LOG (ivector-extractor-sum-accs[5.5]:main():ivector-extractor-sum-accs.cc:83) Wrote summed stats to exp/chain/extractor_all/acc.6
# Accounting: time=4 threads=1
# Ended (code 0) at Thu Jun 17 17:05:16 CST 2021, elapsed time 4 seconds
