# ivector-extractor-sum-accs exp/chain/extractor_all/acc.4.1 exp/chain/extractor_all/acc.4.2 exp/chain/extractor_all/acc.4.3 exp/chain/extractor_all/acc.4.4 exp/chain/extractor_all/acc.4.5 exp/chain/extractor_all/acc.4.6 exp/chain/extractor_all/acc.4.7 exp/chain/extractor_all/acc.4.8 exp/chain/extractor_all/acc.4.9 exp/chain/extractor_all/acc.4.10 exp/chain/extractor_all/acc.4.11 exp/chain/extractor_all/acc.4.12 exp/chain/extractor_all/acc.4.13 exp/chain/extractor_all/acc.4.14 exp/chain/extractor_all/acc.4.15 exp/chain/extractor_all/acc.4.16 exp/chain/extractor_all/acc.4.17 exp/chain/extractor_all/acc.4.18 exp/chain/extractor_all/acc.4.19 exp/chain/extractor_all/acc.4.20 exp/chain/extractor_all/acc.4 
# Started at Thu Jun 17 15:38:48 CST 2021
#
ivector-extractor-sum-accs exp/chain/extractor_all/acc.4.1 exp/chain/extractor_all/acc.4.2 exp/chain/extractor_all/acc.4.3 exp/chain/extractor_all/acc.4.4 exp/chain/extractor_all/acc.4.5 exp/chain/extractor_all/acc.4.6 exp/chain/extractor_all/acc.4.7 exp/chain/extractor_all/acc.4.8 exp/chain/extractor_all/acc.4.9 exp/chain/extractor_all/acc.4.10 exp/chain/extractor_all/acc.4.11 exp/chain/extractor_all/acc.4.12 exp/chain/extractor_all/acc.4.13 exp/chain/extractor_all/acc.4.14 exp/chain/extractor_all/acc.4.15 exp/chain/extractor_all/acc.4.16 exp/chain/extractor_all/acc.4.17 exp/chain/extractor_all/acc.4.18 exp/chain/extractor_all/acc.4.19 exp/chain/extractor_all/acc.4.20 exp/chain/extractor_all/acc.4 
LOG (ivector-extractor-sum-accs[5.5]:main():ivector-extractor-sum-accs.cc:74) Reading stats from exp/chain/extractor_all/acc.4.1
LOG (ivector-extractor-sum-accs[5.5]:main():ivector-extractor-sum-accs.cc:74) Reading stats from exp/chain/extractor_all/acc.4.2
LOG (ivector-extractor-sum-accs[5.5]:main():ivector-extractor-sum-accs.cc:74) Reading stats from exp/chain/extractor_all/acc.4.3
LOG (ivector-extractor-sum-accs[5.5]:main():ivector-extractor-sum-accs.cc:74) Reading stats from exp/chain/extractor_all/acc.4.4
LOG (ivector-extractor-sum-accs[5.5]:main():ivector-extractor-sum-accs.cc:74) Reading stats from exp/chain/extractor_all/acc.4.5
LOG (ivector-extractor-sum-accs[5.5]:main():ivector-extractor-sum-accs.cc:74) Reading stats from exp/chain/extractor_all/acc.4.6
LOG (ivector-extractor-sum-accs[5.5]:main():ivector-extractor-sum-accs.cc:74) Reading stats from exp/chain/extractor_all/acc.4.7
LOG (ivector-extractor-sum-accs[5.5]:main():ivector-extractor-sum-accs.cc:74) Reading stats from exp/chain/extractor_all/acc.4.8
LOG (ivector-extractor-sum-accs[5.5]:main():ivector-extractor-sum-accs.cc:74) Reading stats from exp/chain/extractor_all/acc.4.9
LOG (ivector-extractor-sum-accs[5.5]:main():ivector-extractor-sum-accs.cc:74) Reading stats from exp/chain/extractor_all/acc.4.10
LOG (ivector-extractor-sum-accs[5.5]:main():ivector-extractor-sum-accs.cc:74) Reading stats from exp/chain/extractor_all/acc.4.11
LOG (ivector-extractor-sum-accs[5.5]:main():ivector-extractor-sum-accs.cc:74) Reading stats from exp/chain/extractor_all/acc.4.12
LOG (ivector-extractor-sum-accs[5.5]:main():ivector-extractor-sum-accs.cc:74) Reading stats from exp/chain/extractor_all/acc.4.13
LOG (ivector-extractor-sum-accs[5.5]:main():ivector-extractor-sum-accs.cc:74) Reading stats from exp/chain/extractor_all/acc.4.14
LOG (ivector-extractor-sum-accs[5.5]:main():ivector-extractor-sum-accs.cc:74) Reading stats from exp/chain/extractor_all/acc.4.15
LOG (ivector-extractor-sum-accs[5.5]:main():ivector-extractor-sum-accs.cc:74) Reading stats from exp/chain/extractor_all/acc.4.16
LOG (ivector-extractor-sum-accs[5.5]:main():ivector-extractor-sum-accs.cc:74) Reading stats from exp/chain/extractor_all/acc.4.17
LOG (ivector-extractor-sum-accs[5.5]:main():ivector-extractor-sum-accs.cc:74) Reading stats from exp/chain/extractor_all/acc.4.18
LOG (ivector-extractor-sum-accs[5.5]:main():ivector-extractor-sum-accs.cc:74) Reading stats from exp/chain/extractor_all/acc.4.19
LOG (ivector-extractor-sum-accs[5.5]:main():ivector-extractor-sum-accs.cc:74) Reading stats from exp/chain/extractor_all/acc.4.20
LOG (ivector-extractor-sum-accs[5.5]:main():ivector-extractor-sum-accs.cc:83) Wrote summed stats to exp/chain/extractor_all/acc.4
# Accounting: time=6 threads=1
# Ended (code 0) at Thu Jun 17 15:38:54 CST 2021, elapsed time 6 seconds
