# ivector-extractor-sum-accs exp/chain/extractor_all/acc.3.1 exp/chain/extractor_all/acc.3.2 exp/chain/extractor_all/acc.3.3 exp/chain/extractor_all/acc.3.4 exp/chain/extractor_all/acc.3.5 exp/chain/extractor_all/acc.3.6 exp/chain/extractor_all/acc.3.7 exp/chain/extractor_all/acc.3.8 exp/chain/extractor_all/acc.3.9 exp/chain/extractor_all/acc.3.10 exp/chain/extractor_all/acc.3.11 exp/chain/extractor_all/acc.3.12 exp/chain/extractor_all/acc.3.13 exp/chain/extractor_all/acc.3.14 exp/chain/extractor_all/acc.3.15 exp/chain/extractor_all/acc.3.16 exp/chain/extractor_all/acc.3.17 exp/chain/extractor_all/acc.3.18 exp/chain/extractor_all/acc.3.19 exp/chain/extractor_all/acc.3.20 exp/chain/extractor_all/acc.3 
# Started at Thu Jun 17 14:52:17 CST 2021
#
ivector-extractor-sum-accs exp/chain/extractor_all/acc.3.1 exp/chain/extractor_all/acc.3.2 exp/chain/extractor_all/acc.3.3 exp/chain/extractor_all/acc.3.4 exp/chain/extractor_all/acc.3.5 exp/chain/extractor_all/acc.3.6 exp/chain/extractor_all/acc.3.7 exp/chain/extractor_all/acc.3.8 exp/chain/extractor_all/acc.3.9 exp/chain/extractor_all/acc.3.10 exp/chain/extractor_all/acc.3.11 exp/chain/extractor_all/acc.3.12 exp/chain/extractor_all/acc.3.13 exp/chain/extractor_all/acc.3.14 exp/chain/extractor_all/acc.3.15 exp/chain/extractor_all/acc.3.16 exp/chain/extractor_all/acc.3.17 exp/chain/extractor_all/acc.3.18 exp/chain/extractor_all/acc.3.19 exp/chain/extractor_all/acc.3.20 exp/chain/extractor_all/acc.3 
LOG (ivector-extractor-sum-accs[5.5]:main():ivector-extractor-sum-accs.cc:74) Reading stats from exp/chain/extractor_all/acc.3.1
LOG (ivector-extractor-sum-accs[5.5]:main():ivector-extractor-sum-accs.cc:74) Reading stats from exp/chain/extractor_all/acc.3.2
LOG (ivector-extractor-sum-accs[5.5]:main():ivector-extractor-sum-accs.cc:74) Reading stats from exp/chain/extractor_all/acc.3.3
LOG (ivector-extractor-sum-accs[5.5]:main():ivector-extractor-sum-accs.cc:74) Reading stats from exp/chain/extractor_all/acc.3.4
LOG (ivector-extractor-sum-accs[5.5]:main():ivector-extractor-sum-accs.cc:74) Reading stats from exp/chain/extractor_all/acc.3.5
LOG (ivector-extractor-sum-accs[5.5]:main():ivector-extractor-sum-accs.cc:74) Reading stats from exp/chain/extractor_all/acc.3.6
LOG (ivector-extractor-sum-accs[5.5]:main():ivector-extractor-sum-accs.cc:74) Reading stats from exp/chain/extractor_all/acc.3.7
LOG (ivector-extractor-sum-accs[5.5]:main():ivector-extractor-sum-accs.cc:74) Reading stats from exp/chain/extractor_all/acc.3.8
LOG (ivector-extractor-sum-accs[5.5]:main():ivector-extractor-sum-accs.cc:74) Reading stats from exp/chain/extractor_all/acc.3.9
LOG (ivector-extractor-sum-accs[5.5]:main():ivector-extractor-sum-accs.cc:74) Reading stats from exp/chain/extractor_all/acc.3.10
LOG (ivector-extractor-sum-accs[5.5]:main():ivector-extractor-sum-accs.cc:74) Reading stats from exp/chain/extractor_all/acc.3.11
LOG (ivector-extractor-sum-accs[5.5]:main():ivector-extractor-sum-accs.cc:74) Reading stats from exp/chain/extractor_all/acc.3.12
LOG (ivector-extractor-sum-accs[5.5]:main():ivector-extractor-sum-accs.cc:74) Reading stats from exp/chain/extractor_all/acc.3.13
LOG (ivector-extractor-sum-accs[5.5]:main():ivector-extractor-sum-accs.cc:74) Reading stats from exp/chain/extractor_all/acc.3.14
LOG (ivector-extractor-sum-accs[5.5]:main():ivector-extractor-sum-accs.cc:74) Reading stats from exp/chain/extractor_all/acc.3.15
LOG (ivector-extractor-sum-accs[5.5]:main():ivector-extractor-sum-accs.cc:74) Reading stats from exp/chain/extractor_all/acc.3.16
LOG (ivector-extractor-sum-accs[5.5]:main():ivector-extractor-sum-accs.cc:74) Reading stats from exp/chain/extractor_all/acc.3.17
LOG (ivector-extractor-sum-accs[5.5]:main():ivector-extractor-sum-accs.cc:74) Reading stats from exp/chain/extractor_all/acc.3.18
LOG (ivector-extractor-sum-accs[5.5]:main():ivector-extractor-sum-accs.cc:74) Reading stats from exp/chain/extractor_all/acc.3.19
LOG (ivector-extractor-sum-accs[5.5]:main():ivector-extractor-sum-accs.cc:74) Reading stats from exp/chain/extractor_all/acc.3.20
LOG (ivector-extractor-sum-accs[5.5]:main():ivector-extractor-sum-accs.cc:83) Wrote summed stats to exp/chain/extractor_all/acc.3
# Accounting: time=5 threads=1
# Ended (code 0) at Thu Jun 17 14:52:22 CST 2021, elapsed time 5 seconds
