# ivector-extractor-sum-accs exp/chain/extractor_all/acc.9.1 exp/chain/extractor_all/acc.9.2 exp/chain/extractor_all/acc.9.3 exp/chain/extractor_all/acc.9.4 exp/chain/extractor_all/acc.9.5 exp/chain/extractor_all/acc.9.6 exp/chain/extractor_all/acc.9.7 exp/chain/extractor_all/acc.9.8 exp/chain/extractor_all/acc.9.9 exp/chain/extractor_all/acc.9.10 exp/chain/extractor_all/acc.9.11 exp/chain/extractor_all/acc.9.12 exp/chain/extractor_all/acc.9.13 exp/chain/extractor_all/acc.9.14 exp/chain/extractor_all/acc.9.15 exp/chain/extractor_all/acc.9.16 exp/chain/extractor_all/acc.9.17 exp/chain/extractor_all/acc.9.18 exp/chain/extractor_all/acc.9.19 exp/chain/extractor_all/acc.9.20 exp/chain/extractor_all/acc.9 
# Started at Thu Jun 17 19:14:39 CST 2021
#
ivector-extractor-sum-accs exp/chain/extractor_all/acc.9.1 exp/chain/extractor_all/acc.9.2 exp/chain/extractor_all/acc.9.3 exp/chain/extractor_all/acc.9.4 exp/chain/extractor_all/acc.9.5 exp/chain/extractor_all/acc.9.6 exp/chain/extractor_all/acc.9.7 exp/chain/extractor_all/acc.9.8 exp/chain/extractor_all/acc.9.9 exp/chain/extractor_all/acc.9.10 exp/chain/extractor_all/acc.9.11 exp/chain/extractor_all/acc.9.12 exp/chain/extractor_all/acc.9.13 exp/chain/extractor_all/acc.9.14 exp/chain/extractor_all/acc.9.15 exp/chain/extractor_all/acc.9.16 exp/chain/extractor_all/acc.9.17 exp/chain/extractor_all/acc.9.18 exp/chain/extractor_all/acc.9.19 exp/chain/extractor_all/acc.9.20 exp/chain/extractor_all/acc.9 
LOG (ivector-extractor-sum-accs[5.5]:main():ivector-extractor-sum-accs.cc:74) Reading stats from exp/chain/extractor_all/acc.9.1
LOG (ivector-extractor-sum-accs[5.5]:main():ivector-extractor-sum-accs.cc:74) Reading stats from exp/chain/extractor_all/acc.9.2
LOG (ivector-extractor-sum-accs[5.5]:main():ivector-extractor-sum-accs.cc:74) Reading stats from exp/chain/extractor_all/acc.9.3
LOG (ivector-extractor-sum-accs[5.5]:main():ivector-extractor-sum-accs.cc:74) Reading stats from exp/chain/extractor_all/acc.9.4
LOG (ivector-extractor-sum-accs[5.5]:main():ivector-extractor-sum-accs.cc:74) Reading stats from exp/chain/extractor_all/acc.9.5
LOG (ivector-extractor-sum-accs[5.5]:main():ivector-extractor-sum-accs.cc:74) Reading stats from exp/chain/extractor_all/acc.9.6
LOG (ivector-extractor-sum-accs[5.5]:main():ivector-extractor-sum-accs.cc:74) Reading stats from exp/chain/extractor_all/acc.9.7
LOG (ivector-extractor-sum-accs[5.5]:main():ivector-extractor-sum-accs.cc:74) Reading stats from exp/chain/extractor_all/acc.9.8
LOG (ivector-extractor-sum-accs[5.5]:main():ivector-extractor-sum-accs.cc:74) Reading stats from exp/chain/extractor_all/acc.9.9
LOG (ivector-extractor-sum-accs[5.5]:main():ivector-extractor-sum-accs.cc:74) Reading stats from exp/chain/extractor_all/acc.9.10
LOG (ivector-extractor-sum-accs[5.5]:main():ivector-extractor-sum-accs.cc:74) Reading stats from exp/chain/extractor_all/acc.9.11
LOG (ivector-extractor-sum-accs[5.5]:main():ivector-extractor-sum-accs.cc:74) Reading stats from exp/chain/extractor_all/acc.9.12
LOG (ivector-extractor-sum-accs[5.5]:main():ivector-extractor-sum-accs.cc:74) Reading stats from exp/chain/extractor_all/acc.9.13
LOG (ivector-extractor-sum-accs[5.5]:main():ivector-extractor-sum-accs.cc:74) Reading stats from exp/chain/extractor_all/acc.9.14
LOG (ivector-extractor-sum-accs[5.5]:main():ivector-extractor-sum-accs.cc:74) Reading stats from exp/chain/extractor_all/acc.9.15
LOG (ivector-extractor-sum-accs[5.5]:main():ivector-extractor-sum-accs.cc:74) Reading stats from exp/chain/extractor_all/acc.9.16
LOG (ivector-extractor-sum-accs[5.5]:main():ivector-extractor-sum-accs.cc:74) Reading stats from exp/chain/extractor_all/acc.9.17
LOG (ivector-extractor-sum-accs[5.5]:main():ivector-extractor-sum-accs.cc:74) Reading stats from exp/chain/extractor_all/acc.9.18
LOG (ivector-extractor-sum-accs[5.5]:main():ivector-extractor-sum-accs.cc:74) Reading stats from exp/chain/extractor_all/acc.9.19
LOG (ivector-extractor-sum-accs[5.5]:main():ivector-extractor-sum-accs.cc:74) Reading stats from exp/chain/extractor_all/acc.9.20
LOG (ivector-extractor-sum-accs[5.5]:main():ivector-extractor-sum-accs.cc:83) Wrote summed stats to exp/chain/extractor_all/acc.9
# Accounting: time=4 threads=1
# Ended (code 0) at Thu Jun 17 19:14:43 CST 2021, elapsed time 4 seconds
