# ivector-extractor-sum-accs exp/chain/extractor_all/acc.5.1 exp/chain/extractor_all/acc.5.2 exp/chain/extractor_all/acc.5.3 exp/chain/extractor_all/acc.5.4 exp/chain/extractor_all/acc.5.5 exp/chain/extractor_all/acc.5.6 exp/chain/extractor_all/acc.5.7 exp/chain/extractor_all/acc.5.8 exp/chain/extractor_all/acc.5.9 exp/chain/extractor_all/acc.5.10 exp/chain/extractor_all/acc.5.11 exp/chain/extractor_all/acc.5.12 exp/chain/extractor_all/acc.5.13 exp/chain/extractor_all/acc.5.14 exp/chain/extractor_all/acc.5.15 exp/chain/extractor_all/acc.5.16 exp/chain/extractor_all/acc.5.17 exp/chain/extractor_all/acc.5.18 exp/chain/extractor_all/acc.5.19 exp/chain/extractor_all/acc.5.20 exp/chain/extractor_all/acc.5 
# Started at Thu Jun 17 16:23:50 CST 2021
#
ivector-extractor-sum-accs exp/chain/extractor_all/acc.5.1 exp/chain/extractor_all/acc.5.2 exp/chain/extractor_all/acc.5.3 exp/chain/extractor_all/acc.5.4 exp/chain/extractor_all/acc.5.5 exp/chain/extractor_all/acc.5.6 exp/chain/extractor_all/acc.5.7 exp/chain/extractor_all/acc.5.8 exp/chain/extractor_all/acc.5.9 exp/chain/extractor_all/acc.5.10 exp/chain/extractor_all/acc.5.11 exp/chain/extractor_all/acc.5.12 exp/chain/extractor_all/acc.5.13 exp/chain/extractor_all/acc.5.14 exp/chain/extractor_all/acc.5.15 exp/chain/extractor_all/acc.5.16 exp/chain/extractor_all/acc.5.17 exp/chain/extractor_all/acc.5.18 exp/chain/extractor_all/acc.5.19 exp/chain/extractor_all/acc.5.20 exp/chain/extractor_all/acc.5 
LOG (ivector-extractor-sum-accs[5.5]:main():ivector-extractor-sum-accs.cc:74) Reading stats from exp/chain/extractor_all/acc.5.1
LOG (ivector-extractor-sum-accs[5.5]:main():ivector-extractor-sum-accs.cc:74) Reading stats from exp/chain/extractor_all/acc.5.2
LOG (ivector-extractor-sum-accs[5.5]:main():ivector-extractor-sum-accs.cc:74) Reading stats from exp/chain/extractor_all/acc.5.3
LOG (ivector-extractor-sum-accs[5.5]:main():ivector-extractor-sum-accs.cc:74) Reading stats from exp/chain/extractor_all/acc.5.4
LOG (ivector-extractor-sum-accs[5.5]:main():ivector-extractor-sum-accs.cc:74) Reading stats from exp/chain/extractor_all/acc.5.5
LOG (ivector-extractor-sum-accs[5.5]:main():ivector-extractor-sum-accs.cc:74) Reading stats from exp/chain/extractor_all/acc.5.6
LOG (ivector-extractor-sum-accs[5.5]:main():ivector-extractor-sum-accs.cc:74) Reading stats from exp/chain/extractor_all/acc.5.7
LOG (ivector-extractor-sum-accs[5.5]:main():ivector-extractor-sum-accs.cc:74) Reading stats from exp/chain/extractor_all/acc.5.8
LOG (ivector-extractor-sum-accs[5.5]:main():ivector-extractor-sum-accs.cc:74) Reading stats from exp/chain/extractor_all/acc.5.9
LOG (ivector-extractor-sum-accs[5.5]:main():ivector-extractor-sum-accs.cc:74) Reading stats from exp/chain/extractor_all/acc.5.10
LOG (ivector-extractor-sum-accs[5.5]:main():ivector-extractor-sum-accs.cc:74) Reading stats from exp/chain/extractor_all/acc.5.11
LOG (ivector-extractor-sum-accs[5.5]:main():ivector-extractor-sum-accs.cc:74) Reading stats from exp/chain/extractor_all/acc.5.12
LOG (ivector-extractor-sum-accs[5.5]:main():ivector-extractor-sum-accs.cc:74) Reading stats from exp/chain/extractor_all/acc.5.13
LOG (ivector-extractor-sum-accs[5.5]:main():ivector-extractor-sum-accs.cc:74) Reading stats from exp/chain/extractor_all/acc.5.14
LOG (ivector-extractor-sum-accs[5.5]:main():ivector-extractor-sum-accs.cc:74) Reading stats from exp/chain/extractor_all/acc.5.15
LOG (ivector-extractor-sum-accs[5.5]:main():ivector-extractor-sum-accs.cc:74) Reading stats from exp/chain/extractor_all/acc.5.16
LOG (ivector-extractor-sum-accs[5.5]:main():ivector-extractor-sum-accs.cc:74) Reading stats from exp/chain/extractor_all/acc.5.17
LOG (ivector-extractor-sum-accs[5.5]:main():ivector-extractor-sum-accs.cc:74) Reading stats from exp/chain/extractor_all/acc.5.18
LOG (ivector-extractor-sum-accs[5.5]:main():ivector-extractor-sum-accs.cc:74) Reading stats from exp/chain/extractor_all/acc.5.19
LOG (ivector-extractor-sum-accs[5.5]:main():ivector-extractor-sum-accs.cc:74) Reading stats from exp/chain/extractor_all/acc.5.20
LOG (ivector-extractor-sum-accs[5.5]:main():ivector-extractor-sum-accs.cc:83) Wrote summed stats to exp/chain/extractor_all/acc.5
# Accounting: time=4 threads=1
# Ended (code 0) at Thu Jun 17 16:23:54 CST 2021, elapsed time 4 seconds
