# ivector-extractor-sum-accs exp/chain/extractor_all/acc.2.1 exp/chain/extractor_all/acc.2.2 exp/chain/extractor_all/acc.2.3 exp/chain/extractor_all/acc.2.4 exp/chain/extractor_all/acc.2.5 exp/chain/extractor_all/acc.2.6 exp/chain/extractor_all/acc.2.7 exp/chain/extractor_all/acc.2.8 exp/chain/extractor_all/acc.2.9 exp/chain/extractor_all/acc.2.10 exp/chain/extractor_all/acc.2.11 exp/chain/extractor_all/acc.2.12 exp/chain/extractor_all/acc.2.13 exp/chain/extractor_all/acc.2.14 exp/chain/extractor_all/acc.2.15 exp/chain/extractor_all/acc.2.16 exp/chain/extractor_all/acc.2.17 exp/chain/extractor_all/acc.2.18 exp/chain/extractor_all/acc.2.19 exp/chain/extractor_all/acc.2.20 exp/chain/extractor_all/acc.2 
# Started at Thu Jun 17 14:14:19 CST 2021
#
ivector-extractor-sum-accs exp/chain/extractor_all/acc.2.1 exp/chain/extractor_all/acc.2.2 exp/chain/extractor_all/acc.2.3 exp/chain/extractor_all/acc.2.4 exp/chain/extractor_all/acc.2.5 exp/chain/extractor_all/acc.2.6 exp/chain/extractor_all/acc.2.7 exp/chain/extractor_all/acc.2.8 exp/chain/extractor_all/acc.2.9 exp/chain/extractor_all/acc.2.10 exp/chain/extractor_all/acc.2.11 exp/chain/extractor_all/acc.2.12 exp/chain/extractor_all/acc.2.13 exp/chain/extractor_all/acc.2.14 exp/chain/extractor_all/acc.2.15 exp/chain/extractor_all/acc.2.16 exp/chain/extractor_all/acc.2.17 exp/chain/extractor_all/acc.2.18 exp/chain/extractor_all/acc.2.19 exp/chain/extractor_all/acc.2.20 exp/chain/extractor_all/acc.2 
LOG (ivector-extractor-sum-accs[5.5]:main():ivector-extractor-sum-accs.cc:74) Reading stats from exp/chain/extractor_all/acc.2.1
LOG (ivector-extractor-sum-accs[5.5]:main():ivector-extractor-sum-accs.cc:74) Reading stats from exp/chain/extractor_all/acc.2.2
LOG (ivector-extractor-sum-accs[5.5]:main():ivector-extractor-sum-accs.cc:74) Reading stats from exp/chain/extractor_all/acc.2.3
LOG (ivector-extractor-sum-accs[5.5]:main():ivector-extractor-sum-accs.cc:74) Reading stats from exp/chain/extractor_all/acc.2.4
LOG (ivector-extractor-sum-accs[5.5]:main():ivector-extractor-sum-accs.cc:74) Reading stats from exp/chain/extractor_all/acc.2.5
LOG (ivector-extractor-sum-accs[5.5]:main():ivector-extractor-sum-accs.cc:74) Reading stats from exp/chain/extractor_all/acc.2.6
LOG (ivector-extractor-sum-accs[5.5]:main():ivector-extractor-sum-accs.cc:74) Reading stats from exp/chain/extractor_all/acc.2.7
LOG (ivector-extractor-sum-accs[5.5]:main():ivector-extractor-sum-accs.cc:74) Reading stats from exp/chain/extractor_all/acc.2.8
LOG (ivector-extractor-sum-accs[5.5]:main():ivector-extractor-sum-accs.cc:74) Reading stats from exp/chain/extractor_all/acc.2.9
LOG (ivector-extractor-sum-accs[5.5]:main():ivector-extractor-sum-accs.cc:74) Reading stats from exp/chain/extractor_all/acc.2.10
LOG (ivector-extractor-sum-accs[5.5]:main():ivector-extractor-sum-accs.cc:74) Reading stats from exp/chain/extractor_all/acc.2.11
LOG (ivector-extractor-sum-accs[5.5]:main():ivector-extractor-sum-accs.cc:74) Reading stats from exp/chain/extractor_all/acc.2.12
LOG (ivector-extractor-sum-accs[5.5]:main():ivector-extractor-sum-accs.cc:74) Reading stats from exp/chain/extractor_all/acc.2.13
LOG (ivector-extractor-sum-accs[5.5]:main():ivector-extractor-sum-accs.cc:74) Reading stats from exp/chain/extractor_all/acc.2.14
LOG (ivector-extractor-sum-accs[5.5]:main():ivector-extractor-sum-accs.cc:74) Reading stats from exp/chain/extractor_all/acc.2.15
LOG (ivector-extractor-sum-accs[5.5]:main():ivector-extractor-sum-accs.cc:74) Reading stats from exp/chain/extractor_all/acc.2.16
LOG (ivector-extractor-sum-accs[5.5]:main():ivector-extractor-sum-accs.cc:74) Reading stats from exp/chain/extractor_all/acc.2.17
LOG (ivector-extractor-sum-accs[5.5]:main():ivector-extractor-sum-accs.cc:74) Reading stats from exp/chain/extractor_all/acc.2.18
LOG (ivector-extractor-sum-accs[5.5]:main():ivector-extractor-sum-accs.cc:74) Reading stats from exp/chain/extractor_all/acc.2.19
LOG (ivector-extractor-sum-accs[5.5]:main():ivector-extractor-sum-accs.cc:74) Reading stats from exp/chain/extractor_all/acc.2.20
LOG (ivector-extractor-sum-accs[5.5]:main():ivector-extractor-sum-accs.cc:83) Wrote summed stats to exp/chain/extractor_all/acc.2
# Accounting: time=4 threads=1
# Ended (code 0) at Thu Jun 17 14:14:23 CST 2021, elapsed time 4 seconds
