# ivector-extractor-sum-accs exp/chain/extractor_all/acc.7.1 exp/chain/extractor_all/acc.7.2 exp/chain/extractor_all/acc.7.3 exp/chain/extractor_all/acc.7.4 exp/chain/extractor_all/acc.7.5 exp/chain/extractor_all/acc.7.6 exp/chain/extractor_all/acc.7.7 exp/chain/extractor_all/acc.7.8 exp/chain/extractor_all/acc.7.9 exp/chain/extractor_all/acc.7.10 exp/chain/extractor_all/acc.7.11 exp/chain/extractor_all/acc.7.12 exp/chain/extractor_all/acc.7.13 exp/chain/extractor_all/acc.7.14 exp/chain/extractor_all/acc.7.15 exp/chain/extractor_all/acc.7.16 exp/chain/extractor_all/acc.7.17 exp/chain/extractor_all/acc.7.18 exp/chain/extractor_all/acc.7.19 exp/chain/extractor_all/acc.7.20 exp/chain/extractor_all/acc.7 
# Started at Thu Jun 17 17:52:15 CST 2021
#
ivector-extractor-sum-accs exp/chain/extractor_all/acc.7.1 exp/chain/extractor_all/acc.7.2 exp/chain/extractor_all/acc.7.3 exp/chain/extractor_all/acc.7.4 exp/chain/extractor_all/acc.7.5 exp/chain/extractor_all/acc.7.6 exp/chain/extractor_all/acc.7.7 exp/chain/extractor_all/acc.7.8 exp/chain/extractor_all/acc.7.9 exp/chain/extractor_all/acc.7.10 exp/chain/extractor_all/acc.7.11 exp/chain/extractor_all/acc.7.12 exp/chain/extractor_all/acc.7.13 exp/chain/extractor_all/acc.7.14 exp/chain/extractor_all/acc.7.15 exp/chain/extractor_all/acc.7.16 exp/chain/extractor_all/acc.7.17 exp/chain/extractor_all/acc.7.18 exp/chain/extractor_all/acc.7.19 exp/chain/extractor_all/acc.7.20 exp/chain/extractor_all/acc.7 
LOG (ivector-extractor-sum-accs[5.5]:main():ivector-extractor-sum-accs.cc:74) Reading stats from exp/chain/extractor_all/acc.7.1
LOG (ivector-extractor-sum-accs[5.5]:main():ivector-extractor-sum-accs.cc:74) Reading stats from exp/chain/extractor_all/acc.7.2
LOG (ivector-extractor-sum-accs[5.5]:main():ivector-extractor-sum-accs.cc:74) Reading stats from exp/chain/extractor_all/acc.7.3
LOG (ivector-extractor-sum-accs[5.5]:main():ivector-extractor-sum-accs.cc:74) Reading stats from exp/chain/extractor_all/acc.7.4
LOG (ivector-extractor-sum-accs[5.5]:main():ivector-extractor-sum-accs.cc:74) Reading stats from exp/chain/extractor_all/acc.7.5
LOG (ivector-extractor-sum-accs[5.5]:main():ivector-extractor-sum-accs.cc:74) Reading stats from exp/chain/extractor_all/acc.7.6
LOG (ivector-extractor-sum-accs[5.5]:main():ivector-extractor-sum-accs.cc:74) Reading stats from exp/chain/extractor_all/acc.7.7
LOG (ivector-extractor-sum-accs[5.5]:main():ivector-extractor-sum-accs.cc:74) Reading stats from exp/chain/extractor_all/acc.7.8
LOG (ivector-extractor-sum-accs[5.5]:main():ivector-extractor-sum-accs.cc:74) Reading stats from exp/chain/extractor_all/acc.7.9
LOG (ivector-extractor-sum-accs[5.5]:main():ivector-extractor-sum-accs.cc:74) Reading stats from exp/chain/extractor_all/acc.7.10
LOG (ivector-extractor-sum-accs[5.5]:main():ivector-extractor-sum-accs.cc:74) Reading stats from exp/chain/extractor_all/acc.7.11
LOG (ivector-extractor-sum-accs[5.5]:main():ivector-extractor-sum-accs.cc:74) Reading stats from exp/chain/extractor_all/acc.7.12
LOG (ivector-extractor-sum-accs[5.5]:main():ivector-extractor-sum-accs.cc:74) Reading stats from exp/chain/extractor_all/acc.7.13
LOG (ivector-extractor-sum-accs[5.5]:main():ivector-extractor-sum-accs.cc:74) Reading stats from exp/chain/extractor_all/acc.7.14
LOG (ivector-extractor-sum-accs[5.5]:main():ivector-extractor-sum-accs.cc:74) Reading stats from exp/chain/extractor_all/acc.7.15
LOG (ivector-extractor-sum-accs[5.5]:main():ivector-extractor-sum-accs.cc:74) Reading stats from exp/chain/extractor_all/acc.7.16
LOG (ivector-extractor-sum-accs[5.5]:main():ivector-extractor-sum-accs.cc:74) Reading stats from exp/chain/extractor_all/acc.7.17
LOG (ivector-extractor-sum-accs[5.5]:main():ivector-extractor-sum-accs.cc:74) Reading stats from exp/chain/extractor_all/acc.7.18
LOG (ivector-extractor-sum-accs[5.5]:main():ivector-extractor-sum-accs.cc:74) Reading stats from exp/chain/extractor_all/acc.7.19
LOG (ivector-extractor-sum-accs[5.5]:main():ivector-extractor-sum-accs.cc:74) Reading stats from exp/chain/extractor_all/acc.7.20
LOG (ivector-extractor-sum-accs[5.5]:main():ivector-extractor-sum-accs.cc:83) Wrote summed stats to exp/chain/extractor_all/acc.7
# Accounting: time=5 threads=1
# Ended (code 0) at Thu Jun 17 17:52:20 CST 2021, elapsed time 5 seconds
