# ivector-extractor-est --num-threads=16 exp/chain/extractor_all/1.ie exp/chain/extractor_all/acc.1 exp/chain/extractor_all/2.ie 
# Started at Thu Jun 17 13:27:19 CST 2021
#
ivector-extractor-est --num-threads=16 exp/chain/extractor_all/1.ie exp/chain/extractor_all/acc.1 exp/chain/extractor_all/2.ie 
LOG (ivector-extractor-est[5.5]:main():ivector-extractor-est.cc:55) Reading model
LOG (ivector-extractor-est[5.5]:ComputeDerivedVars():ivector-extractor.cc:183) Computing derived variables for iVector extractor
LOG (ivector-extractor-est[5.5]:ComputeDerivedVars():ivector-extractor.cc:204) Done.
LOG (ivector-extractor-est[5.5]:main():ivector-extractor-est.cc:59) Reading statistics
LOG (ivector-extractor-est[5.5]:Update():ivector-extractor.cc:1277) Overall auxf/frame on training data was -50.2579 per frame over 5.39537e+07 frames.
LOG (ivector-extractor-est[5.5]:UpdateProjections():ivector-extractor.cc:1431) Overall objective function improvement for M (mean projections) was 0.715918 per frame over 5.39537e+07 frames.
LOG (ivector-extractor-est[5.5]:UpdateVariances():ivector-extractor.cc:1513) For Gaussian index 153, floored 1 eigenvalues of variance.
LOG (ivector-extractor-est[5.5]:UpdateVariances():ivector-extractor.cc:1513) For Gaussian index 169, floored 1 eigenvalues of variance.
LOG (ivector-extractor-est[5.5]:UpdateVariances():ivector-extractor.cc:1513) For Gaussian index 211, floored 1 eigenvalues of variance.
LOG (ivector-extractor-est[5.5]:UpdateVariances():ivector-extractor.cc:1513) For Gaussian index 265, floored 1 eigenvalues of variance.
LOG (ivector-extractor-est[5.5]:UpdateVariances():ivector-extractor.cc:1513) For Gaussian index 281, floored 6 eigenvalues of variance.
LOG (ivector-extractor-est[5.5]:UpdateVariances():ivector-extractor.cc:1513) For Gaussian index 283, floored 1 eigenvalues of variance.
LOG (ivector-extractor-est[5.5]:UpdateVariances():ivector-extractor.cc:1513) For Gaussian index 285, floored 1 eigenvalues of variance.
LOG (ivector-extractor-est[5.5]:UpdateVariances():ivector-extractor.cc:1513) For Gaussian index 287, floored 1 eigenvalues of variance.
LOG (ivector-extractor-est[5.5]:UpdateVariances():ivector-extractor.cc:1513) For Gaussian index 288, floored 1 eigenvalues of variance.
LOG (ivector-extractor-est[5.5]:UpdateVariances():ivector-extractor.cc:1513) For Gaussian index 292, floored 1 eigenvalues of variance.
LOG (ivector-extractor-est[5.5]:UpdateVariances():ivector-extractor.cc:1513) For Gaussian index 305, floored 1 eigenvalues of variance.
LOG (ivector-extractor-est[5.5]:UpdateVariances():ivector-extractor.cc:1513) For Gaussian index 308, floored 1 eigenvalues of variance.
LOG (ivector-extractor-est[5.5]:UpdateVariances():ivector-extractor.cc:1513) For Gaussian index 314, floored 2 eigenvalues of variance.
LOG (ivector-extractor-est[5.5]:UpdateVariances():ivector-extractor.cc:1513) For Gaussian index 323, floored 1 eigenvalues of variance.
LOG (ivector-extractor-est[5.5]:UpdateVariances():ivector-extractor.cc:1513) For Gaussian index 328, floored 1 eigenvalues of variance.
LOG (ivector-extractor-est[5.5]:UpdateVariances():ivector-extractor.cc:1513) For Gaussian index 332, floored 1 eigenvalues of variance.
LOG (ivector-extractor-est[5.5]:UpdateVariances():ivector-extractor.cc:1513) For Gaussian index 337, floored 1 eigenvalues of variance.
LOG (ivector-extractor-est[5.5]:UpdateVariances():ivector-extractor.cc:1513) For Gaussian index 338, floored 2 eigenvalues of variance.
LOG (ivector-extractor-est[5.5]:UpdateVariances():ivector-extractor.cc:1513) For Gaussian index 339, floored 1 eigenvalues of variance.
LOG (ivector-extractor-est[5.5]:UpdateVariances():ivector-extractor.cc:1513) For Gaussian index 345, floored 2 eigenvalues of variance.
LOG (ivector-extractor-est[5.5]:UpdateVariances():ivector-extractor.cc:1513) For Gaussian index 363, floored 1 eigenvalues of variance.
LOG (ivector-extractor-est[5.5]:UpdateVariances():ivector-extractor.cc:1513) For Gaussian index 368, floored 1 eigenvalues of variance.
LOG (ivector-extractor-est[5.5]:UpdateVariances():ivector-extractor.cc:1513) For Gaussian index 382, floored 1 eigenvalues of variance.
LOG (ivector-extractor-est[5.5]:UpdateVariances():ivector-extractor.cc:1513) For Gaussian index 389, floored 1 eigenvalues of variance.
LOG (ivector-extractor-est[5.5]:UpdateVariances():ivector-extractor.cc:1513) For Gaussian index 404, floored 1 eigenvalues of variance.
LOG (ivector-extractor-est[5.5]:UpdateVariances():ivector-extractor.cc:1513) For Gaussian index 410, floored 1 eigenvalues of variance.
LOG (ivector-extractor-est[5.5]:UpdateVariances():ivector-extractor.cc:1513) For Gaussian index 416, floored 1 eigenvalues of variance.
LOG (ivector-extractor-est[5.5]:UpdateVariances():ivector-extractor.cc:1513) For Gaussian index 423, floored 1 eigenvalues of variance.
LOG (ivector-extractor-est[5.5]:UpdateVariances():ivector-extractor.cc:1513) For Gaussian index 424, floored 2 eigenvalues of variance.
LOG (ivector-extractor-est[5.5]:UpdateVariances():ivector-extractor.cc:1513) For Gaussian index 445, floored 1 eigenvalues of variance.
LOG (ivector-extractor-est[5.5]:UpdateVariances():ivector-extractor.cc:1513) For Gaussian index 447, floored 1 eigenvalues of variance.
LOG (ivector-extractor-est[5.5]:UpdateVariances():ivector-extractor.cc:1513) For Gaussian index 452, floored 1 eigenvalues of variance.
LOG (ivector-extractor-est[5.5]:UpdateVariances():ivector-extractor.cc:1513) For Gaussian index 458, floored 6 eigenvalues of variance.
LOG (ivector-extractor-est[5.5]:UpdateVariances():ivector-extractor.cc:1513) For Gaussian index 464, floored 1 eigenvalues of variance.
LOG (ivector-extractor-est[5.5]:UpdateVariances():ivector-extractor.cc:1513) For Gaussian index 487, floored 5 eigenvalues of variance.
LOG (ivector-extractor-est[5.5]:UpdateVariances():ivector-extractor.cc:1513) For Gaussian index 489, floored 2 eigenvalues of variance.
LOG (ivector-extractor-est[5.5]:UpdateVariances():ivector-extractor.cc:1513) For Gaussian index 509, floored 1 eigenvalues of variance.
LOG (ivector-extractor-est[5.5]:UpdateVariances():ivector-extractor.cc:1532) Floored 0.273438% of all Gaussian eigenvalues
LOG (ivector-extractor-est[5.5]:UpdateVariances():ivector-extractor.cc:1534) Overall objf impr/frame for variances was 1.28682 over 5.39537e+07 frames.
LOG (ivector-extractor-est[5.5]:UpdatePrior():ivector-extractor.cc:1667) Eigenvalues of iVector covariance range from 0.821062 to 3.48649
LOG (ivector-extractor-est[5.5]:ComputeDerivedVars():ivector-extractor.cc:183) Computing derived variables for iVector extractor
LOG (ivector-extractor-est[5.5]:ComputeDerivedVars():ivector-extractor.cc:204) Done.
LOG (ivector-extractor-est[5.5]:GetOrthogonalIvectorTransform():ivector-extractor.cc:1391) Eigenvalues of Vavg:  [ 3.93979 2.99837 2.19307 1.90596 0.869704 0.728506 0.654812 0.593623 0.54951 0.446672 0.35978 0.312137 0.29343 0.262928 0.212998 0.204464 0.182289 0.177144 0.152019 0.146881 0.138356 0.129966 0.120518 0.108087 0.0950985 0.0790177 0.0725872 0.0653018 0.0602967 0.0463581 0.0386391 0.0349049 0.031785 0.0303752 0.0289666 0.0277674 0.025507 0.0245933 0.0216423 0.0199806 0.0187375 0.0165882 0.0157375 0.0141019 0.0126392 0.0123131 0.011675 0.0112009 0.0110006 0.00976143 0.00944541 0.00889171 0.00874815 0.0085638 0.00832701 0.0077903 0.00692442 0.00657427 0.00648603 0.00620535 0.00590718 0.00561411 0.0053004 0.00515414 0.00500644 0.00484468 0.00472622 0.00446126 0.00427842 0.00409271 0.00394767 0.00376214 0.00360866 0.0034853 0.00331662 0.00320105 0.00309314 0.00281861 0.0027324 0.00255022 0.00240158 0.00231941 0.00231088 0.00220537 0.00215049 0.00209792 0.00208201 0.00193612 0.00185457 0.0017978 0.00170388 0.0016288 0.00152077 0.00146794 0.00144308 0.00138397 0.00122193 0.00115633 0.00102357 ]

LOG (ivector-extractor-est[5.5]:PriorDiagnostics():ivector-extractor.cc:1644) Overall auxf improvement from prior is 0.167741 per frame, or 5.61039 per iVector.
LOG (ivector-extractor-est[5.5]:TransformIvectors():ivector-extractor.cc:533) Setting iVector prior offset to 52.1307
LOG (ivector-extractor-est[5.5]:Update():ivector-extractor.cc:1292) Overall objective-function improvement per frame was 2.17047
LOG (ivector-extractor-est[5.5]:ComputeDerivedVars():ivector-extractor.cc:183) Computing derived variables for iVector extractor
LOG (ivector-extractor-est[5.5]:ComputeDerivedVars():ivector-extractor.cc:204) Done.
LOG (ivector-extractor-est[5.5]:IvectorVarianceDiagnostic():ivector-extractor.cc:1315) The proportion of within-Gaussian variance explained by the iVectors is 0.243142.
LOG (ivector-extractor-est[5.5]:main():ivector-extractor-est.cc:67) Updated model and wrote it to exp/chain/extractor_all/2.ie
# Accounting: time=1 threads=1
# Ended (code 0) at Thu Jun 17 13:27:21 CST 2021, elapsed time 1 seconds
