# ivector-extractor-est --num-threads=16 exp/chain/extractor_all/5.ie exp/chain/extractor_all/acc.5 exp/chain/extractor_all/6.ie 
# Started at Thu Jun 17 16:23:54 CST 2021
#
ivector-extractor-est --num-threads=16 exp/chain/extractor_all/5.ie exp/chain/extractor_all/acc.5 exp/chain/extractor_all/6.ie 
LOG (ivector-extractor-est[5.5]:main():ivector-extractor-est.cc:55) Reading model
LOG (ivector-extractor-est[5.5]:ComputeDerivedVars():ivector-extractor.cc:183) Computing derived variables for iVector extractor
LOG (ivector-extractor-est[5.5]:ComputeDerivedVars():ivector-extractor.cc:204) Done.
LOG (ivector-extractor-est[5.5]:main():ivector-extractor-est.cc:59) Reading statistics
LOG (ivector-extractor-est[5.5]:Update():ivector-extractor.cc:1277) Overall auxf/frame on training data was -46.8035 per frame over 5.39537e+07 frames.
LOG (ivector-extractor-est[5.5]:UpdateProjections():ivector-extractor.cc:1431) Overall objective function improvement for M (mean projections) was 0.0050683 per frame over 5.39537e+07 frames.
LOG (ivector-extractor-est[5.5]:UpdateVariances():ivector-extractor.cc:1513) For Gaussian index 153, floored 1 eigenvalues of variance.
LOG (ivector-extractor-est[5.5]:UpdateVariances():ivector-extractor.cc:1513) For Gaussian index 169, floored 1 eigenvalues of variance.
LOG (ivector-extractor-est[5.5]:UpdateVariances():ivector-extractor.cc:1513) For Gaussian index 265, floored 1 eigenvalues of variance.
LOG (ivector-extractor-est[5.5]:UpdateVariances():ivector-extractor.cc:1513) For Gaussian index 281, floored 7 eigenvalues of variance.
LOG (ivector-extractor-est[5.5]:UpdateVariances():ivector-extractor.cc:1513) For Gaussian index 283, floored 1 eigenvalues of variance.
LOG (ivector-extractor-est[5.5]:UpdateVariances():ivector-extractor.cc:1513) For Gaussian index 285, floored 1 eigenvalues of variance.
LOG (ivector-extractor-est[5.5]:UpdateVariances():ivector-extractor.cc:1513) For Gaussian index 288, floored 1 eigenvalues of variance.
LOG (ivector-extractor-est[5.5]:UpdateVariances():ivector-extractor.cc:1513) For Gaussian index 292, floored 1 eigenvalues of variance.
LOG (ivector-extractor-est[5.5]:UpdateVariances():ivector-extractor.cc:1513) For Gaussian index 305, floored 3 eigenvalues of variance.
LOG (ivector-extractor-est[5.5]:UpdateVariances():ivector-extractor.cc:1513) For Gaussian index 308, floored 1 eigenvalues of variance.
LOG (ivector-extractor-est[5.5]:UpdateVariances():ivector-extractor.cc:1513) For Gaussian index 314, floored 4 eigenvalues of variance.
LOG (ivector-extractor-est[5.5]:UpdateVariances():ivector-extractor.cc:1513) For Gaussian index 323, floored 1 eigenvalues of variance.
LOG (ivector-extractor-est[5.5]:UpdateVariances():ivector-extractor.cc:1513) For Gaussian index 328, floored 1 eigenvalues of variance.
LOG (ivector-extractor-est[5.5]:UpdateVariances():ivector-extractor.cc:1513) For Gaussian index 332, floored 1 eigenvalues of variance.
LOG (ivector-extractor-est[5.5]:UpdateVariances():ivector-extractor.cc:1513) For Gaussian index 337, floored 1 eigenvalues of variance.
LOG (ivector-extractor-est[5.5]:UpdateVariances():ivector-extractor.cc:1513) For Gaussian index 338, floored 3 eigenvalues of variance.
LOG (ivector-extractor-est[5.5]:UpdateVariances():ivector-extractor.cc:1513) For Gaussian index 339, floored 1 eigenvalues of variance.
LOG (ivector-extractor-est[5.5]:UpdateVariances():ivector-extractor.cc:1513) For Gaussian index 345, floored 2 eigenvalues of variance.
LOG (ivector-extractor-est[5.5]:UpdateVariances():ivector-extractor.cc:1513) For Gaussian index 361, floored 1 eigenvalues of variance.
LOG (ivector-extractor-est[5.5]:UpdateVariances():ivector-extractor.cc:1513) For Gaussian index 368, floored 1 eigenvalues of variance.
LOG (ivector-extractor-est[5.5]:UpdateVariances():ivector-extractor.cc:1513) For Gaussian index 382, floored 1 eigenvalues of variance.
LOG (ivector-extractor-est[5.5]:UpdateVariances():ivector-extractor.cc:1513) For Gaussian index 389, floored 1 eigenvalues of variance.
LOG (ivector-extractor-est[5.5]:UpdateVariances():ivector-extractor.cc:1513) For Gaussian index 404, floored 1 eigenvalues of variance.
LOG (ivector-extractor-est[5.5]:UpdateVariances():ivector-extractor.cc:1513) For Gaussian index 410, floored 5 eigenvalues of variance.
LOG (ivector-extractor-est[5.5]:UpdateVariances():ivector-extractor.cc:1513) For Gaussian index 416, floored 1 eigenvalues of variance.
LOG (ivector-extractor-est[5.5]:UpdateVariances():ivector-extractor.cc:1513) For Gaussian index 423, floored 1 eigenvalues of variance.
LOG (ivector-extractor-est[5.5]:UpdateVariances():ivector-extractor.cc:1513) For Gaussian index 424, floored 1 eigenvalues of variance.
LOG (ivector-extractor-est[5.5]:UpdateVariances():ivector-extractor.cc:1513) For Gaussian index 437, floored 2 eigenvalues of variance.
LOG (ivector-extractor-est[5.5]:UpdateVariances():ivector-extractor.cc:1513) For Gaussian index 445, floored 1 eigenvalues of variance.
LOG (ivector-extractor-est[5.5]:UpdateVariances():ivector-extractor.cc:1513) For Gaussian index 447, floored 1 eigenvalues of variance.
LOG (ivector-extractor-est[5.5]:UpdateVariances():ivector-extractor.cc:1513) For Gaussian index 452, floored 1 eigenvalues of variance.
LOG (ivector-extractor-est[5.5]:UpdateVariances():ivector-extractor.cc:1513) For Gaussian index 458, floored 7 eigenvalues of variance.
LOG (ivector-extractor-est[5.5]:UpdateVariances():ivector-extractor.cc:1513) For Gaussian index 464, floored 1 eigenvalues of variance.
LOG (ivector-extractor-est[5.5]:UpdateVariances():ivector-extractor.cc:1513) For Gaussian index 487, floored 6 eigenvalues of variance.
LOG (ivector-extractor-est[5.5]:UpdateVariances():ivector-extractor.cc:1513) For Gaussian index 489, floored 4 eigenvalues of variance.
LOG (ivector-extractor-est[5.5]:UpdateVariances():ivector-extractor.cc:1513) For Gaussian index 509, floored 1 eigenvalues of variance.
LOG (ivector-extractor-est[5.5]:UpdateVariances():ivector-extractor.cc:1532) Floored 0.336914% of all Gaussian eigenvalues
LOG (ivector-extractor-est[5.5]:UpdateVariances():ivector-extractor.cc:1534) Overall objf impr/frame for variances was 0.000477625 over 5.39537e+07 frames.
LOG (ivector-extractor-est[5.5]:UpdatePrior():ivector-extractor.cc:1667) Eigenvalues of iVector covariance range from 0.934126 to 1.0828
LOG (ivector-extractor-est[5.5]:ComputeDerivedVars():ivector-extractor.cc:183) Computing derived variables for iVector extractor
LOG (ivector-extractor-est[5.5]:ComputeDerivedVars():ivector-extractor.cc:204) Done.
LOG (ivector-extractor-est[5.5]:GetOrthogonalIvectorTransform():ivector-extractor.cc:1391) Eigenvalues of Vavg:  [ 7.21656 5.39398 3.98769 3.31762 1.64493 1.46507 1.16435 1.0385 0.950889 0.822019 0.682996 0.576651 0.561943 0.534706 0.489986 0.459677 0.420375 0.394676 0.356647 0.343645 0.326015 0.304768 0.279997 0.27541 0.244913 0.234856 0.218916 0.193652 0.190223 0.167677 0.14305 0.131456 0.123217 0.108798 0.103009 0.0906415 0.0844818 0.0803642 0.0729349 0.066923 0.0638558 0.0574939 0.0559993 0.0508504 0.0460882 0.0428056 0.0360697 0.033308 0.0302506 0.0295057 0.0257 0.0232952 0.0219888 0.0211885 0.0194834 0.0173338 0.015985 0.0140065 0.0128013 0.012387 0.0114434 0.0108464 0.0105508 0.00994635 0.00940037 0.00821673 0.0078542 0.00700282 0.00619728 0.00586773 0.00541774 0.00504791 0.00494007 0.00448479 0.0044045 0.00408626 0.00403128 0.00357804 0.0032051 0.00301486 0.0027207 0.00265225 0.00241691 0.00239248 0.00218125 0.00207128 0.00181943 0.00177336 0.00154635 0.00153258 0.0014304 0.00114803 0.0010532 0.000979572 0.00093877 0.00082193 0.000677029 0.000601291 0.000529062 ]

LOG (ivector-extractor-est[5.5]:PriorDiagnostics():ivector-extractor.cc:1644) Overall auxf improvement from prior is 0.000499272 per frame, or 0.016699 per iVector.
LOG (ivector-extractor-est[5.5]:TransformIvectors():ivector-extractor.cc:533) Setting iVector prior offset to 52.6461
LOG (ivector-extractor-est[5.5]:Update():ivector-extractor.cc:1292) Overall objective-function improvement per frame was 0.0060452
LOG (ivector-extractor-est[5.5]:ComputeDerivedVars():ivector-extractor.cc:183) Computing derived variables for iVector extractor
LOG (ivector-extractor-est[5.5]:ComputeDerivedVars():ivector-extractor.cc:204) Done.
LOG (ivector-extractor-est[5.5]:IvectorVarianceDiagnostic():ivector-extractor.cc:1315) The proportion of within-Gaussian variance explained by the iVectors is 0.321494.
LOG (ivector-extractor-est[5.5]:main():ivector-extractor-est.cc:67) Updated model and wrote it to exp/chain/extractor_all/6.ie
# Accounting: time=1 threads=1
# Ended (code 0) at Thu Jun 17 16:23:55 CST 2021, elapsed time 1 seconds
