# ivector-extractor-est --num-threads=16 exp/chain/extractor_all/2.ie exp/chain/extractor_all/acc.2 exp/chain/extractor_all/3.ie 
# Started at Thu Jun 17 14:14:23 CST 2021
#
ivector-extractor-est --num-threads=16 exp/chain/extractor_all/2.ie exp/chain/extractor_all/acc.2 exp/chain/extractor_all/3.ie 
LOG (ivector-extractor-est[5.5]:main():ivector-extractor-est.cc:55) Reading model
LOG (ivector-extractor-est[5.5]:ComputeDerivedVars():ivector-extractor.cc:183) Computing derived variables for iVector extractor
LOG (ivector-extractor-est[5.5]:ComputeDerivedVars():ivector-extractor.cc:204) Done.
LOG (ivector-extractor-est[5.5]:main():ivector-extractor-est.cc:59) Reading statistics
LOG (ivector-extractor-est[5.5]:Update():ivector-extractor.cc:1277) Overall auxf/frame on training data was -47.3382 per frame over 5.39537e+07 frames.
LOG (ivector-extractor-est[5.5]:UpdateProjections():ivector-extractor.cc:1431) Overall objective function improvement for M (mean projections) was 0.114921 per frame over 5.39537e+07 frames.
LOG (ivector-extractor-est[5.5]:UpdateVariances():ivector-extractor.cc:1513) For Gaussian index 153, floored 1 eigenvalues of variance.
LOG (ivector-extractor-est[5.5]:UpdateVariances():ivector-extractor.cc:1513) For Gaussian index 169, floored 1 eigenvalues of variance.
LOG (ivector-extractor-est[5.5]:UpdateVariances():ivector-extractor.cc:1513) For Gaussian index 265, floored 1 eigenvalues of variance.
LOG (ivector-extractor-est[5.5]:UpdateVariances():ivector-extractor.cc:1513) For Gaussian index 281, floored 7 eigenvalues of variance.
LOG (ivector-extractor-est[5.5]:UpdateVariances():ivector-extractor.cc:1513) For Gaussian index 283, floored 1 eigenvalues of variance.
LOG (ivector-extractor-est[5.5]:UpdateVariances():ivector-extractor.cc:1513) For Gaussian index 285, floored 1 eigenvalues of variance.
LOG (ivector-extractor-est[5.5]:UpdateVariances():ivector-extractor.cc:1513) For Gaussian index 287, floored 1 eigenvalues of variance.
LOG (ivector-extractor-est[5.5]:UpdateVariances():ivector-extractor.cc:1513) For Gaussian index 288, floored 1 eigenvalues of variance.
LOG (ivector-extractor-est[5.5]:UpdateVariances():ivector-extractor.cc:1513) For Gaussian index 292, floored 1 eigenvalues of variance.
LOG (ivector-extractor-est[5.5]:UpdateVariances():ivector-extractor.cc:1513) For Gaussian index 305, floored 1 eigenvalues of variance.
LOG (ivector-extractor-est[5.5]:UpdateVariances():ivector-extractor.cc:1513) For Gaussian index 308, floored 1 eigenvalues of variance.
LOG (ivector-extractor-est[5.5]:UpdateVariances():ivector-extractor.cc:1513) For Gaussian index 314, floored 4 eigenvalues of variance.
LOG (ivector-extractor-est[5.5]:UpdateVariances():ivector-extractor.cc:1513) For Gaussian index 323, floored 1 eigenvalues of variance.
LOG (ivector-extractor-est[5.5]:UpdateVariances():ivector-extractor.cc:1513) For Gaussian index 328, floored 1 eigenvalues of variance.
LOG (ivector-extractor-est[5.5]:UpdateVariances():ivector-extractor.cc:1513) For Gaussian index 332, floored 1 eigenvalues of variance.
LOG (ivector-extractor-est[5.5]:UpdateVariances():ivector-extractor.cc:1513) For Gaussian index 337, floored 1 eigenvalues of variance.
LOG (ivector-extractor-est[5.5]:UpdateVariances():ivector-extractor.cc:1513) For Gaussian index 338, floored 3 eigenvalues of variance.
LOG (ivector-extractor-est[5.5]:UpdateVariances():ivector-extractor.cc:1513) For Gaussian index 339, floored 1 eigenvalues of variance.
LOG (ivector-extractor-est[5.5]:UpdateVariances():ivector-extractor.cc:1513) For Gaussian index 345, floored 2 eigenvalues of variance.
LOG (ivector-extractor-est[5.5]:UpdateVariances():ivector-extractor.cc:1513) For Gaussian index 368, floored 1 eigenvalues of variance.
LOG (ivector-extractor-est[5.5]:UpdateVariances():ivector-extractor.cc:1513) For Gaussian index 382, floored 1 eigenvalues of variance.
LOG (ivector-extractor-est[5.5]:UpdateVariances():ivector-extractor.cc:1513) For Gaussian index 389, floored 1 eigenvalues of variance.
LOG (ivector-extractor-est[5.5]:UpdateVariances():ivector-extractor.cc:1513) For Gaussian index 404, floored 1 eigenvalues of variance.
LOG (ivector-extractor-est[5.5]:UpdateVariances():ivector-extractor.cc:1513) For Gaussian index 410, floored 4 eigenvalues of variance.
LOG (ivector-extractor-est[5.5]:UpdateVariances():ivector-extractor.cc:1513) For Gaussian index 416, floored 1 eigenvalues of variance.
LOG (ivector-extractor-est[5.5]:UpdateVariances():ivector-extractor.cc:1513) For Gaussian index 423, floored 1 eigenvalues of variance.
LOG (ivector-extractor-est[5.5]:UpdateVariances():ivector-extractor.cc:1513) For Gaussian index 424, floored 2 eigenvalues of variance.
LOG (ivector-extractor-est[5.5]:UpdateVariances():ivector-extractor.cc:1513) For Gaussian index 437, floored 2 eigenvalues of variance.
LOG (ivector-extractor-est[5.5]:UpdateVariances():ivector-extractor.cc:1513) For Gaussian index 445, floored 1 eigenvalues of variance.
LOG (ivector-extractor-est[5.5]:UpdateVariances():ivector-extractor.cc:1513) For Gaussian index 447, floored 1 eigenvalues of variance.
LOG (ivector-extractor-est[5.5]:UpdateVariances():ivector-extractor.cc:1513) For Gaussian index 452, floored 1 eigenvalues of variance.
LOG (ivector-extractor-est[5.5]:UpdateVariances():ivector-extractor.cc:1513) For Gaussian index 458, floored 7 eigenvalues of variance.
LOG (ivector-extractor-est[5.5]:UpdateVariances():ivector-extractor.cc:1513) For Gaussian index 464, floored 1 eigenvalues of variance.
LOG (ivector-extractor-est[5.5]:UpdateVariances():ivector-extractor.cc:1513) For Gaussian index 487, floored 6 eigenvalues of variance.
LOG (ivector-extractor-est[5.5]:UpdateVariances():ivector-extractor.cc:1513) For Gaussian index 489, floored 3 eigenvalues of variance.
LOG (ivector-extractor-est[5.5]:UpdateVariances():ivector-extractor.cc:1513) For Gaussian index 509, floored 1 eigenvalues of variance.
LOG (ivector-extractor-est[5.5]:UpdateVariances():ivector-extractor.cc:1532) Floored 0.322266% of all Gaussian eigenvalues
LOG (ivector-extractor-est[5.5]:UpdateVariances():ivector-extractor.cc:1534) Overall objf impr/frame for variances was 0.174207 over 5.39537e+07 frames.
LOG (ivector-extractor-est[5.5]:UpdatePrior():ivector-extractor.cc:1667) Eigenvalues of iVector covariance range from 0.846193 to 1.9622
LOG (ivector-extractor-est[5.5]:ComputeDerivedVars():ivector-extractor.cc:183) Computing derived variables for iVector extractor
LOG (ivector-extractor-est[5.5]:ComputeDerivedVars():ivector-extractor.cc:204) Done.
LOG (ivector-extractor-est[5.5]:GetOrthogonalIvectorTransform():ivector-extractor.cc:1391) Eigenvalues of Vavg:  [ 6.19777 4.69948 3.47493 2.96954 1.43633 1.28433 1.00229 0.930215 0.839722 0.734416 0.594724 0.515187 0.490511 0.441885 0.418435 0.380219 0.33538 0.319968 0.301909 0.297341 0.267774 0.265825 0.245922 0.214294 0.208403 0.201229 0.168128 0.14751 0.141072 0.112714 0.0978192 0.0847692 0.0744421 0.063911 0.0580675 0.0515366 0.0494965 0.0419195 0.0389182 0.0364897 0.0336693 0.0316106 0.0274304 0.0235281 0.0232955 0.0207552 0.0188518 0.0182334 0.0149553 0.0140764 0.0121754 0.0111814 0.0108652 0.0099325 0.00953558 0.0090727 0.00861077 0.00817772 0.00783035 0.00707819 0.0065573 0.00631567 0.00593288 0.00555024 0.00531876 0.0049132 0.00479435 0.00468936 0.00460093 0.00418881 0.00415502 0.00351625 0.00341367 0.00333409 0.00312932 0.0030477 0.00279664 0.00271044 0.00252117 0.00242052 0.00225178 0.00216397 0.00207691 0.00204545 0.00182831 0.00177666 0.00168689 0.00164508 0.00147404 0.00141956 0.00130161 0.00124744 0.00124454 0.00112315 0.00110235 0.00106876 0.000812409 0.000804665 0.000707698 ]

LOG (ivector-extractor-est[5.5]:PriorDiagnostics():ivector-extractor.cc:1644) Overall auxf improvement from prior is 0.037506 per frame, or 1.25445 per iVector.
LOG (ivector-extractor-est[5.5]:TransformIvectors():ivector-extractor.cc:533) Setting iVector prior offset to 48.8248
LOG (ivector-extractor-est[5.5]:Update():ivector-extractor.cc:1292) Overall objective-function improvement per frame was 0.326634
LOG (ivector-extractor-est[5.5]:ComputeDerivedVars():ivector-extractor.cc:183) Computing derived variables for iVector extractor
LOG (ivector-extractor-est[5.5]:ComputeDerivedVars():ivector-extractor.cc:204) Done.
LOG (ivector-extractor-est[5.5]:IvectorVarianceDiagnostic():ivector-extractor.cc:1315) The proportion of within-Gaussian variance explained by the iVectors is 0.299328.
LOG (ivector-extractor-est[5.5]:main():ivector-extractor-est.cc:67) Updated model and wrote it to exp/chain/extractor_all/3.ie
# Accounting: time=1 threads=1
# Ended (code 0) at Thu Jun 17 14:14:24 CST 2021, elapsed time 1 seconds
